
==========================================================================
resizer report_tns
--------------------------------------------------------------------------
tns 0.00

==========================================================================
resizer report_wns
--------------------------------------------------------------------------
wns 0.00

==========================================================================
resizer report_worst_slack
--------------------------------------------------------------------------
worst slack 5.14

==========================================================================
resizer report_checks -path_delay min
--------------------------------------------------------------------------
Startpoint: CPU_rd_a2[4]$_DFF_P_
            (rising edge-triggered flip-flop clocked by clk)
Endpoint: CPU_rd_a3[4]$_DFF_P_ (rising edge-triggered flip-flop clocked by clk)
Path Group: clk
Path Type: min

Fanout     Cap    Slew   Delay    Time   Description
-----------------------------------------------------------------------------
                  0.48    0.00    0.00   clock clk (rise edge)
                          0.00    0.00   clock network delay (ideal)
                  0.48    0.00    0.00 ^ CPU_rd_a2[4]$_DFF_P_/CLK (sky130_fd_sc_hd__dfxtp_1)
     1    0.00    0.02    0.40    0.40 v CPU_rd_a2[4]$_DFF_P_/Q (sky130_fd_sc_hd__dfxtp_1)
                                         CPU_rd_a2[4] (net)
                  0.02    0.00    0.40 v CPU_rd_a3[4]$_DFF_P_/D (sky130_fd_sc_hd__dfxtp_2)
                                  0.40   data arrival time

                  0.48    0.00    0.00   clock clk (rise edge)
                          0.00    0.00   clock network delay (ideal)
                          0.77    0.77   clock uncertainty
                          0.00    0.77   clock reconvergence pessimism
                                  0.77 ^ CPU_rd_a3[4]$_DFF_P_/CLK (sky130_fd_sc_hd__dfxtp_2)
                          0.06    0.83   library hold time
                                  0.83   data required time
-----------------------------------------------------------------------------
                                  0.83   data required time
                                 -0.40   data arrival time
-----------------------------------------------------------------------------
                                 -0.43   slack (VIOLATED)



==========================================================================
resizer report_checks -path_delay max
--------------------------------------------------------------------------
Startpoint: CPU_imm_a3[30]$_DFF_P_
            (rising edge-triggered flip-flop clocked by clk)
Endpoint: CPU_Xreg_value_a4[8][29]$_SDFFE_PP0P_
          (rising edge-triggered flip-flop clocked by clk)
Path Group: clk
Path Type: max

Fanout     Cap    Slew   Delay    Time   Description
-----------------------------------------------------------------------------
                  0.48    0.00    0.00   clock clk (rise edge)
                          0.00    0.00   clock network delay (ideal)
                  0.48    0.00    0.00 ^ CPU_imm_a3[30]$_DFF_P_/CLK (sky130_fd_sc_hd__dfxtp_4)
    51    0.28    0.77    0.96    0.96 ^ CPU_imm_a3[30]$_DFF_P_/Q (sky130_fd_sc_hd__dfxtp_4)
                                         CPU_imm_a3[10] (net)
                  0.77    0.02    0.98 ^ _11541_/A (sky130_fd_sc_hd__ha_2)
     8    0.03    0.18    0.42    1.41 ^ _11541_/SUM (sky130_fd_sc_hd__ha_2)
                                         _05599_ (net)
                  0.18    0.00    1.41 ^ _08327_/C_N (sky130_fd_sc_hd__or3b_1)
     1    0.00    0.07    0.37    1.77 v _08327_/X (sky130_fd_sc_hd__or3b_1)
                                         _02926_ (net)
                  0.07    0.00    1.77 v _08328_/A3 (sky130_fd_sc_hd__a311o_2)
     3    0.02    0.10    0.45    2.23 v _08328_/X (sky130_fd_sc_hd__a311o_2)
                                         _02927_ (net)
                  0.10    0.00    2.23 v _08330_/D (sky130_fd_sc_hd__nand4_1)
     1    0.01    0.10    0.12    2.35 ^ _08330_/Y (sky130_fd_sc_hd__nand4_1)
                                         _02929_ (net)
                  0.10    0.00    2.35 ^ _08331_/A2_N (sky130_fd_sc_hd__a2bb2oi_2)
     2    0.02    0.22    0.24    2.59 ^ _08331_/Y (sky130_fd_sc_hd__a2bb2oi_2)
                                         _02930_ (net)
                  0.22    0.00    2.59 ^ _08332_/B (sky130_fd_sc_hd__nand2_1)
     3    0.01    0.13    0.15    2.74 v _08332_/Y (sky130_fd_sc_hd__nand2_1)
                                         _02931_ (net)
                  0.13    0.00    2.74 v _08543_/A2 (sky130_fd_sc_hd__o2111ai_1)
     1    0.00    0.15    0.19    2.93 ^ _08543_/Y (sky130_fd_sc_hd__o2111ai_1)
                                         _03134_ (net)
                  0.15    0.00    2.93 ^ _08544_/C_N (sky130_fd_sc_hd__or3b_4)
    16    0.06    0.15    0.51    3.45 v _08544_/X (sky130_fd_sc_hd__or3b_4)
                                         _03135_ (net)
                  0.15    0.00    3.45 v _09940_/C1 (sky130_fd_sc_hd__a2111oi_0)
     1    0.00    0.37    0.36    3.81 ^ _09940_/Y (sky130_fd_sc_hd__a2111oi_0)
                                         _04112_ (net)
                  0.37    0.00    3.81 ^ _09942_/B1 (sky130_fd_sc_hd__a2111oi_0)
     1    0.00    0.14    0.12    3.93 v _09942_/Y (sky130_fd_sc_hd__a2111oi_0)
                                         _00981_ (net)
                  0.14    0.00    3.93 v CPU_Xreg_value_a4[8][29]$_SDFFE_PP0P_/D (sky130_fd_sc_hd__dfxtp_1)
                                  3.93   data arrival time

                  0.48    9.60    9.60   clock clk (rise edge)
                          0.00    9.60   clock network delay (ideal)
                         -0.48    9.12   clock uncertainty
                          0.00    9.12   clock reconvergence pessimism
                                  9.12 ^ CPU_Xreg_value_a4[8][29]$_SDFFE_PP0P_/CLK (sky130_fd_sc_hd__dfxtp_1)
                         -0.05    9.07   library setup time
                                  9.07   data required time
-----------------------------------------------------------------------------
                                  9.07   data required time
                                 -3.93   data arrival time
-----------------------------------------------------------------------------
                                  5.14   slack (MET)



==========================================================================
resizer report_checks -unconstrained
--------------------------------------------------------------------------
Startpoint: CPU_imm_a3[30]$_DFF_P_
            (rising edge-triggered flip-flop clocked by clk)
Endpoint: CPU_Xreg_value_a4[8][29]$_SDFFE_PP0P_
          (rising edge-triggered flip-flop clocked by clk)
Path Group: clk
Path Type: max

Fanout     Cap    Slew   Delay    Time   Description
-----------------------------------------------------------------------------
                  0.48    0.00    0.00   clock clk (rise edge)
                          0.00    0.00   clock network delay (ideal)
                  0.48    0.00    0.00 ^ CPU_imm_a3[30]$_DFF_P_/CLK (sky130_fd_sc_hd__dfxtp_4)
    51    0.28    0.77    0.96    0.96 ^ CPU_imm_a3[30]$_DFF_P_/Q (sky130_fd_sc_hd__dfxtp_4)
                                         CPU_imm_a3[10] (net)
                  0.77    0.02    0.98 ^ _11541_/A (sky130_fd_sc_hd__ha_2)
     8    0.03    0.18    0.42    1.41 ^ _11541_/SUM (sky130_fd_sc_hd__ha_2)
                                         _05599_ (net)
                  0.18    0.00    1.41 ^ _08327_/C_N (sky130_fd_sc_hd__or3b_1)
     1    0.00    0.07    0.37    1.77 v _08327_/X (sky130_fd_sc_hd__or3b_1)
                                         _02926_ (net)
                  0.07    0.00    1.77 v _08328_/A3 (sky130_fd_sc_hd__a311o_2)
     3    0.02    0.10    0.45    2.23 v _08328_/X (sky130_fd_sc_hd__a311o_2)
                                         _02927_ (net)
                  0.10    0.00    2.23 v _08330_/D (sky130_fd_sc_hd__nand4_1)
     1    0.01    0.10    0.12    2.35 ^ _08330_/Y (sky130_fd_sc_hd__nand4_1)
                                         _02929_ (net)
                  0.10    0.00    2.35 ^ _08331_/A2_N (sky130_fd_sc_hd__a2bb2oi_2)
     2    0.02    0.22    0.24    2.59 ^ _08331_/Y (sky130_fd_sc_hd__a2bb2oi_2)
                                         _02930_ (net)
                  0.22    0.00    2.59 ^ _08332_/B (sky130_fd_sc_hd__nand2_1)
     3    0.01    0.13    0.15    2.74 v _08332_/Y (sky130_fd_sc_hd__nand2_1)
                                         _02931_ (net)
                  0.13    0.00    2.74 v _08543_/A2 (sky130_fd_sc_hd__o2111ai_1)
     1    0.00    0.15    0.19    2.93 ^ _08543_/Y (sky130_fd_sc_hd__o2111ai_1)
                                         _03134_ (net)
                  0.15    0.00    2.93 ^ _08544_/C_N (sky130_fd_sc_hd__or3b_4)
    16    0.06    0.15    0.51    3.45 v _08544_/X (sky130_fd_sc_hd__or3b_4)
                                         _03135_ (net)
                  0.15    0.00    3.45 v _09940_/C1 (sky130_fd_sc_hd__a2111oi_0)
     1    0.00    0.37    0.36    3.81 ^ _09940_/Y (sky130_fd_sc_hd__a2111oi_0)
                                         _04112_ (net)
                  0.37    0.00    3.81 ^ _09942_/B1 (sky130_fd_sc_hd__a2111oi_0)
     1    0.00    0.14    0.12    3.93 v _09942_/Y (sky130_fd_sc_hd__a2111oi_0)
                                         _00981_ (net)
                  0.14    0.00    3.93 v CPU_Xreg_value_a4[8][29]$_SDFFE_PP0P_/D (sky130_fd_sc_hd__dfxtp_1)
                                  3.93   data arrival time

                  0.48    9.60    9.60   clock clk (rise edge)
                          0.00    9.60   clock network delay (ideal)
                         -0.48    9.12   clock uncertainty
                          0.00    9.12   clock reconvergence pessimism
                                  9.12 ^ CPU_Xreg_value_a4[8][29]$_SDFFE_PP0P_/CLK (sky130_fd_sc_hd__dfxtp_1)
                         -0.05    9.07   library setup time
                                  9.07   data required time
-----------------------------------------------------------------------------
                                  9.07   data required time
                                 -3.93   data arrival time
-----------------------------------------------------------------------------
                                  5.14   slack (MET)



==========================================================================
resizer report_check_types -max_slew -max_cap -max_fanout -violators
--------------------------------------------------------------------------

==========================================================================
resizer max_slew_check_slack
--------------------------------------------------------------------------
0.05547507107257843

==========================================================================
resizer max_slew_check_limit
--------------------------------------------------------------------------
1.4968260526657104

==========================================================================
resizer max_slew_check_slack_limit
--------------------------------------------------------------------------
0.0371

==========================================================================
resizer max_fanout_check_slack
--------------------------------------------------------------------------
1.0000000150474662e+30

==========================================================================
resizer max_fanout_check_limit
--------------------------------------------------------------------------
1.0000000150474662e+30

==========================================================================
resizer max_capacitance_check_slack
--------------------------------------------------------------------------
0.01000320166349411

==========================================================================
resizer max_capacitance_check_limit
--------------------------------------------------------------------------
0.2545270025730133

==========================================================================
resizer max_capacitance_check_slack_limit
--------------------------------------------------------------------------
0.0393

==========================================================================
resizer max_slew_violation_count
--------------------------------------------------------------------------
max slew violation count 0

==========================================================================
resizer max_fanout_violation_count
--------------------------------------------------------------------------
max fanout violation count 0

==========================================================================
resizer max_cap_violation_count
--------------------------------------------------------------------------
max cap violation count 0

==========================================================================
resizer setup_violation_count
--------------------------------------------------------------------------
setup violation count 0

==========================================================================
resizer hold_violation_count
--------------------------------------------------------------------------
hold violation count 1222

==========================================================================
resizer report_checks -path_delay max reg to reg
--------------------------------------------------------------------------
Startpoint: CPU_imm_a3[30]$_DFF_P_
            (rising edge-triggered flip-flop clocked by clk)
Endpoint: CPU_Xreg_value_a4[8][29]$_SDFFE_PP0P_
          (rising edge-triggered flip-flop clocked by clk)
Path Group: clk
Path Type: max

  Delay    Time   Description
---------------------------------------------------------
   0.00    0.00   clock clk (rise edge)
   0.00    0.00   clock network delay (ideal)
   0.00    0.00 ^ CPU_imm_a3[30]$_DFF_P_/CLK (sky130_fd_sc_hd__dfxtp_4)
   0.96    0.96 ^ CPU_imm_a3[30]$_DFF_P_/Q (sky130_fd_sc_hd__dfxtp_4)
   0.44    1.41 ^ _11541_/SUM (sky130_fd_sc_hd__ha_2)
   0.37    1.77 v _08327_/X (sky130_fd_sc_hd__or3b_1)
   0.45    2.23 v _08328_/X (sky130_fd_sc_hd__a311o_2)
   0.12    2.35 ^ _08330_/Y (sky130_fd_sc_hd__nand4_1)
   0.24    2.59 ^ _08331_/Y (sky130_fd_sc_hd__a2bb2oi_2)
   0.15    2.74 v _08332_/Y (sky130_fd_sc_hd__nand2_1)
   0.19    2.93 ^ _08543_/Y (sky130_fd_sc_hd__o2111ai_1)
   0.51    3.45 v _08544_/X (sky130_fd_sc_hd__or3b_4)
   0.37    3.81 ^ _09940_/Y (sky130_fd_sc_hd__a2111oi_0)
   0.12    3.93 v _09942_/Y (sky130_fd_sc_hd__a2111oi_0)
   0.00    3.93 v CPU_Xreg_value_a4[8][29]$_SDFFE_PP0P_/D (sky130_fd_sc_hd__dfxtp_1)
           3.93   data arrival time

   9.60    9.60   clock clk (rise edge)
   0.00    9.60   clock network delay (ideal)
  -0.48    9.12   clock uncertainty
   0.00    9.12   clock reconvergence pessimism
           9.12 ^ CPU_Xreg_value_a4[8][29]$_SDFFE_PP0P_/CLK (sky130_fd_sc_hd__dfxtp_1)
  -0.05    9.07   library setup time
           9.07   data required time
---------------------------------------------------------
           9.07   data required time
          -3.93   data arrival time
---------------------------------------------------------
           5.14   slack (MET)



==========================================================================
resizer report_checks -path_delay min reg to reg
--------------------------------------------------------------------------
Startpoint: CPU_rd_a2[4]$_DFF_P_
            (rising edge-triggered flip-flop clocked by clk)
Endpoint: CPU_rd_a3[4]$_DFF_P_ (rising edge-triggered flip-flop clocked by clk)
Path Group: clk
Path Type: min

  Delay    Time   Description
---------------------------------------------------------
   0.00    0.00   clock clk (rise edge)
   0.00    0.00   clock network delay (ideal)
   0.00    0.00 ^ CPU_rd_a2[4]$_DFF_P_/CLK (sky130_fd_sc_hd__dfxtp_1)
   0.40    0.40 v CPU_rd_a2[4]$_DFF_P_/Q (sky130_fd_sc_hd__dfxtp_1)
   0.00    0.40 v CPU_rd_a3[4]$_DFF_P_/D (sky130_fd_sc_hd__dfxtp_2)
           0.40   data arrival time

   0.00    0.00   clock clk (rise edge)
   0.00    0.00   clock network delay (ideal)
   0.77    0.77   clock uncertainty
   0.00    0.77   clock reconvergence pessimism
           0.77 ^ CPU_rd_a3[4]$_DFF_P_/CLK (sky130_fd_sc_hd__dfxtp_2)
   0.06    0.83   library hold time
           0.83   data required time
---------------------------------------------------------
           0.83   data required time
          -0.40   data arrival time
---------------------------------------------------------
          -0.43   slack (VIOLATED)



==========================================================================
resizer critical path target clock latency max path
--------------------------------------------------------------------------
0

==========================================================================
resizer critical path target clock latency min path
--------------------------------------------------------------------------
0

==========================================================================
resizer critical path source clock latency min path
--------------------------------------------------------------------------
0

==========================================================================
resizer critical path delay
--------------------------------------------------------------------------
3.9310

==========================================================================
resizer critical path slack
--------------------------------------------------------------------------
5.1385

==========================================================================
resizer slack div critical path delay
--------------------------------------------------------------------------
130.717375

==========================================================================
resizer report_power
--------------------------------------------------------------------------
Group                  Internal  Switching    Leakage      Total
                          Power      Power      Power      Power (Watts)
----------------------------------------------------------------
Sequential             5.85e-03   7.57e-04   1.04e-08   6.61e-03  55.8%
Combinational          1.62e-03   3.62e-03   1.12e-08   5.24e-03  44.2%
Clock                  0.00e+00   0.00e+00   0.00e+00   0.00e+00   0.0%
Macro                  0.00e+00   0.00e+00   0.00e+00   0.00e+00   0.0%
Pad                    0.00e+00   0.00e+00   0.00e+00   0.00e+00   0.0%
----------------------------------------------------------------
Total                  7.47e-03   4.37e-03   2.16e-08   1.18e-02 100.0%
                          63.1%      36.9%       0.0%
