
==========================================================================
global place report_tns
--------------------------------------------------------------------------
tns -6301.62

==========================================================================
global place report_wns
--------------------------------------------------------------------------
wns -14.37

==========================================================================
global place report_worst_slack
--------------------------------------------------------------------------
worst slack -14.37

==========================================================================
global place report_checks -path_delay min
--------------------------------------------------------------------------
Startpoint: CPU_is_load_a2$_DFF_P_
            (rising edge-triggered flip-flop clocked by clk)
Endpoint: CPU_is_load_a3$_DFF_P_
          (rising edge-triggered flip-flop clocked by clk)
Path Group: clk
Path Type: min

Fanout     Cap    Slew   Delay    Time   Description
-----------------------------------------------------------------------------
                  0.48    0.00    0.00   clock clk (rise edge)
                          0.00    0.00   clock network delay (ideal)
                  0.48    0.00    0.00 ^ CPU_is_load_a2$_DFF_P_/CLK (sky130_fd_sc_hd__dfxtp_1)
     1    0.00    0.02    0.40    0.40 v CPU_is_load_a2$_DFF_P_/Q (sky130_fd_sc_hd__dfxtp_1)
                                         CPU_is_load_a2 (net)
                  0.02    0.00    0.40 v CPU_is_load_a3$_DFF_P_/D (sky130_fd_sc_hd__dfxtp_1)
                                  0.40   data arrival time

                  0.48    0.00    0.00   clock clk (rise edge)
                          0.00    0.00   clock network delay (ideal)
                          0.77    0.77   clock uncertainty
                          0.00    0.77   clock reconvergence pessimism
                                  0.77 ^ CPU_is_load_a3$_DFF_P_/CLK (sky130_fd_sc_hd__dfxtp_1)
                          0.05    0.82   library hold time
                                  0.82   data required time
-----------------------------------------------------------------------------
                                  0.82   data required time
                                 -0.40   data arrival time
-----------------------------------------------------------------------------
                                 -0.42   slack (VIOLATED)



==========================================================================
global place report_checks -path_delay max
--------------------------------------------------------------------------
Startpoint: CPU_reset_a3$_DFF_P_
            (rising edge-triggered flip-flop clocked by clk)
Endpoint: CPU_Xreg_value_a4[9][15]$_SDFFE_PP0P_
          (rising edge-triggered flip-flop clocked by clk)
Path Group: clk
Path Type: max

Fanout     Cap    Slew   Delay    Time   Description
-----------------------------------------------------------------------------
                  0.48    0.00    0.00   clock clk (rise edge)
                          0.00    0.00   clock network delay (ideal)
                  0.48    0.00    0.00 ^ CPU_reset_a3$_DFF_P_/CLK (sky130_fd_sc_hd__dfxtp_1)
   217    0.97    8.88    6.52    6.52 ^ CPU_reset_a3$_DFF_P_/Q (sky130_fd_sc_hd__dfxtp_1)
                                         CPU_reset_a3 (net)
                  8.89    0.08    6.61 ^ _07974_/A (sky130_fd_sc_hd__inv_1)
   317    1.12    0.00   15.92   22.53 v _07974_/Y (sky130_fd_sc_hd__inv_1)
                                         _02586_ (net)
                  0.00    0.11   22.64 v _08178_/C1 (sky130_fd_sc_hd__o211ai_1)
    15    0.06    1.28    0.52   23.16 ^ _08178_/Y (sky130_fd_sc_hd__o211ai_1)
                                         _02784_ (net)
                  1.28    0.01   23.16 ^ _09994_/A1 (sky130_fd_sc_hd__o21ai_0)
     1    0.00    0.31    0.20   23.37 v _09994_/Y (sky130_fd_sc_hd__o21ai_0)
                                         _00998_ (net)
                  0.31    0.00   23.37 v CPU_Xreg_value_a4[9][15]$_SDFFE_PP0P_/D (sky130_fd_sc_hd__dfxtp_1)
                                 23.37   data arrival time

                  0.48    9.60    9.60   clock clk (rise edge)
                          0.00    9.60   clock network delay (ideal)
                         -0.48    9.12   clock uncertainty
                          0.00    9.12   clock reconvergence pessimism
                                  9.12 ^ CPU_Xreg_value_a4[9][15]$_SDFFE_PP0P_/CLK (sky130_fd_sc_hd__dfxtp_1)
                         -0.12    9.00   library setup time
                                  9.00   data required time
-----------------------------------------------------------------------------
                                  9.00   data required time
                                -23.37   data arrival time
-----------------------------------------------------------------------------
                                -14.37   slack (VIOLATED)



==========================================================================
global place report_checks -unconstrained
--------------------------------------------------------------------------
Startpoint: CPU_reset_a3$_DFF_P_
            (rising edge-triggered flip-flop clocked by clk)
Endpoint: CPU_Xreg_value_a4[9][15]$_SDFFE_PP0P_
          (rising edge-triggered flip-flop clocked by clk)
Path Group: clk
Path Type: max

Fanout     Cap    Slew   Delay    Time   Description
-----------------------------------------------------------------------------
                  0.48    0.00    0.00   clock clk (rise edge)
                          0.00    0.00   clock network delay (ideal)
                  0.48    0.00    0.00 ^ CPU_reset_a3$_DFF_P_/CLK (sky130_fd_sc_hd__dfxtp_1)
   217    0.97    8.88    6.52    6.52 ^ CPU_reset_a3$_DFF_P_/Q (sky130_fd_sc_hd__dfxtp_1)
                                         CPU_reset_a3 (net)
                  8.89    0.08    6.61 ^ _07974_/A (sky130_fd_sc_hd__inv_1)
   317    1.12    0.00   15.92   22.53 v _07974_/Y (sky130_fd_sc_hd__inv_1)
                                         _02586_ (net)
                  0.00    0.11   22.64 v _08178_/C1 (sky130_fd_sc_hd__o211ai_1)
    15    0.06    1.28    0.52   23.16 ^ _08178_/Y (sky130_fd_sc_hd__o211ai_1)
                                         _02784_ (net)
                  1.28    0.01   23.16 ^ _09994_/A1 (sky130_fd_sc_hd__o21ai_0)
     1    0.00    0.31    0.20   23.37 v _09994_/Y (sky130_fd_sc_hd__o21ai_0)
                                         _00998_ (net)
                  0.31    0.00   23.37 v CPU_Xreg_value_a4[9][15]$_SDFFE_PP0P_/D (sky130_fd_sc_hd__dfxtp_1)
                                 23.37   data arrival time

                  0.48    9.60    9.60   clock clk (rise edge)
                          0.00    9.60   clock network delay (ideal)
                         -0.48    9.12   clock uncertainty
                          0.00    9.12   clock reconvergence pessimism
                                  9.12 ^ CPU_Xreg_value_a4[9][15]$_SDFFE_PP0P_/CLK (sky130_fd_sc_hd__dfxtp_1)
                         -0.12    9.00   library setup time
                                  9.00   data required time
-----------------------------------------------------------------------------
                                  9.00   data required time
                                -23.37   data arrival time
-----------------------------------------------------------------------------
                                -14.37   slack (VIOLATED)



==========================================================================
global place report_power
--------------------------------------------------------------------------
Group                  Internal  Switching    Leakage      Total
                          Power      Power      Power      Power (Watts)
----------------------------------------------------------------
Sequential             5.80e-03   7.02e-04   1.03e-08   6.50e-03  61.7%
Combinational          1.06e-03   2.98e-03   8.70e-09   4.04e-03  38.3%
Clock                  0.00e+00   0.00e+00   0.00e+00   0.00e+00   0.0%
Macro                  0.00e+00   0.00e+00   0.00e+00   0.00e+00   0.0%
Pad                    0.00e+00   0.00e+00   0.00e+00   0.00e+00   0.0%
----------------------------------------------------------------
Total                  6.86e-03   3.68e-03   1.90e-08   1.05e-02 100.0%
                          65.1%      34.9%       0.0%
