
==========================================================================
global route report_tns
--------------------------------------------------------------------------
tns 0.00

==========================================================================
global route report_wns
--------------------------------------------------------------------------
wns 0.00

==========================================================================
global route report_worst_slack
--------------------------------------------------------------------------
worst slack 4.57

==========================================================================
global route report_clock_skew
--------------------------------------------------------------------------
Clock clk
   0.81 source latency CPU_Xreg_value_a4[12][11]$_SDFFE_PP0P_/CLK ^
  -0.79 target latency CPU_src2_value_a3[11]$_DFF_P_/CLK ^
   0.48 clock uncertainty
   0.00 CRPR
--------------
   0.51 setup skew


==========================================================================
global route report_checks -path_delay min
--------------------------------------------------------------------------
Startpoint: CPU_Dmem_value_a5[6][26]$_SDFFE_PP0P_
            (rising edge-triggered flip-flop clocked by clk)
Endpoint: CPU_dmem_rd_data_a5[26]$_DFF_P_
          (rising edge-triggered flip-flop clocked by clk)
Path Group: clk
Path Type: min

Fanout     Cap    Slew   Delay    Time   Description
-----------------------------------------------------------------------------
                          0.00    0.00   clock clk (rise edge)
                          0.00    0.00   clock source latency
     1    0.06    0.00    0.00    0.00 ^ clk (in)
                                         clk (net)
                  0.00    0.00    0.00 ^ clkbuf_0_clk/A (sky130_fd_sc_hd__clkbuf_16)
    16    0.32    0.33    0.32    0.32 ^ clkbuf_0_clk/X (sky130_fd_sc_hd__clkbuf_16)
                                         clknet_0_clk (net)
                  0.33    0.01    0.33 ^ clkbuf_4_5_0_clk/A (sky130_fd_sc_hd__clkbuf_16)
    10    0.13    0.14    0.29    0.62 ^ clkbuf_4_5_0_clk/X (sky130_fd_sc_hd__clkbuf_16)
                                         clknet_4_5_0_clk (net)
                  0.14    0.00    0.62 ^ clkbuf_leaf_78_clk/A (sky130_fd_sc_hd__clkbuf_16)
    12    0.04    0.06    0.18    0.80 ^ clkbuf_leaf_78_clk/X (sky130_fd_sc_hd__clkbuf_16)
                                         clknet_leaf_78_clk (net)
                  0.06    0.00    0.80 ^ CPU_Dmem_value_a5[6][26]$_SDFFE_PP0P_/CLK (sky130_fd_sc_hd__dfxtp_1)
     2    0.01    0.06    0.32    1.13 ^ CPU_Dmem_value_a5[6][26]$_SDFFE_PP0P_/Q (sky130_fd_sc_hd__dfxtp_1)
                                         CPU_Dmem_value_a5[6][26] (net)
                  0.06    0.00    1.13 ^ _11358_/B2 (sky130_fd_sc_hd__a22oi_1)
     1    0.01    0.07    0.08    1.21 v _11358_/Y (sky130_fd_sc_hd__a22oi_1)
                                         _05375_ (net)
                  0.07    0.00    1.21 v _11359_/D (sky130_fd_sc_hd__nand4_1)
     1    0.01    0.10    0.13    1.34 ^ _11359_/Y (sky130_fd_sc_hd__nand4_1)
                                         _05376_ (net)
                  0.10    0.00    1.34 ^ _11360_/B2 (sky130_fd_sc_hd__o22a_1)
     1    0.01    0.12    0.19    1.53 ^ _11360_/X (sky130_fd_sc_hd__o22a_1)
                                         w_CPU_dmem_rd_data_a4[26] (net)
                  0.12    0.00    1.53 ^ CPU_dmem_rd_data_a5[26]$_DFF_P_/D (sky130_fd_sc_hd__dfxtp_1)
                                  1.53   data arrival time

                          0.00    0.00   clock clk (rise edge)
                          0.00    0.00   clock source latency
     1    0.06    0.00    0.00    0.00 ^ clk (in)
                                         clk (net)
                  0.00    0.00    0.00 ^ clkbuf_0_clk/A (sky130_fd_sc_hd__clkbuf_16)
    16    0.32    0.33    0.32    0.32 ^ clkbuf_0_clk/X (sky130_fd_sc_hd__clkbuf_16)
                                         clknet_0_clk (net)
                  0.33    0.01    0.33 ^ clkbuf_4_7_0_clk/A (sky130_fd_sc_hd__clkbuf_16)
     8    0.11    0.13    0.28    0.61 ^ clkbuf_4_7_0_clk/X (sky130_fd_sc_hd__clkbuf_16)
                                         clknet_4_7_0_clk (net)
                  0.13    0.00    0.61 ^ clkbuf_leaf_73_clk/A (sky130_fd_sc_hd__clkbuf_16)
    13    0.05    0.07    0.18    0.79 ^ clkbuf_leaf_73_clk/X (sky130_fd_sc_hd__clkbuf_16)
                                         clknet_leaf_73_clk (net)
                  0.07    0.00    0.79 ^ CPU_dmem_rd_data_a5[26]$_DFF_P_/CLK (sky130_fd_sc_hd__dfxtp_1)
                          0.77    1.56   clock uncertainty
                          0.00    1.56   clock reconvergence pessimism
                         -0.04    1.52   library hold time
                                  1.52   data required time
-----------------------------------------------------------------------------
                                  1.52   data required time
                                 -1.53   data arrival time
-----------------------------------------------------------------------------
                                  0.01   slack (MET)



==========================================================================
global route report_checks -path_delay max
--------------------------------------------------------------------------
Startpoint: CPU_imm_a3[30]$_DFF_P_
            (rising edge-triggered flip-flop clocked by clk)
Endpoint: CPU_Xreg_value_a4[9][20]$_SDFFE_PP0P_
          (rising edge-triggered flip-flop clocked by clk)
Path Group: clk
Path Type: max

Fanout     Cap    Slew   Delay    Time   Description
-----------------------------------------------------------------------------
                          0.00    0.00   clock clk (rise edge)
                          0.00    0.00   clock source latency
     1    0.06    0.00    0.00    0.00 ^ clk (in)
                                         clk (net)
                  0.00    0.00    0.00 ^ clkbuf_0_clk/A (sky130_fd_sc_hd__clkbuf_16)
    16    0.32    0.33    0.32    0.32 ^ clkbuf_0_clk/X (sky130_fd_sc_hd__clkbuf_16)
                                         clknet_0_clk (net)
                  0.33    0.01    0.33 ^ clkbuf_4_6_0_clk/A (sky130_fd_sc_hd__clkbuf_16)
     7    0.12    0.13    0.28    0.61 ^ clkbuf_4_6_0_clk/X (sky130_fd_sc_hd__clkbuf_16)
                                         clknet_4_6_0_clk (net)
                  0.13    0.00    0.62 ^ clkbuf_leaf_98_clk/A (sky130_fd_sc_hd__clkbuf_16)
    11    0.05    0.07    0.18    0.79 ^ clkbuf_leaf_98_clk/X (sky130_fd_sc_hd__clkbuf_16)
                                         clknet_leaf_98_clk (net)
                  0.07    0.00    0.79 ^ CPU_imm_a3[30]$_DFF_P_/CLK (sky130_fd_sc_hd__dfxtp_4)
    51    0.29    0.81    0.87    1.67 ^ CPU_imm_a3[30]$_DFF_P_/Q (sky130_fd_sc_hd__dfxtp_4)
                                         CPU_imm_a3[10] (net)
                  0.81    0.03    1.70 ^ _11545_/A (sky130_fd_sc_hd__ha_2)
    10    0.04    0.13    0.51    2.20 v _11545_/SUM (sky130_fd_sc_hd__ha_2)
                                         _05608_ (net)
                  0.13    0.00    2.20 v _08195_/A (sky130_fd_sc_hd__nor4_1)
     2    0.01    0.59    0.58    2.78 ^ _08195_/Y (sky130_fd_sc_hd__nor4_1)
                                         _02800_ (net)
                  0.59    0.00    2.78 ^ _08196_/C (sky130_fd_sc_hd__nand3_1)
     1    0.01    0.18    0.24    3.02 v _08196_/Y (sky130_fd_sc_hd__nand3_1)
                                         _02801_ (net)
                  0.18    0.00    3.02 v _08197_/B1 (sky130_fd_sc_hd__a41oi_4)
     2    0.03    0.29    0.33    3.35 ^ _08197_/Y (sky130_fd_sc_hd__a41oi_4)
                                         _02802_ (net)
                  0.29    0.00    3.35 ^ _08295_/A2 (sky130_fd_sc_hd__o31ai_4)
     2    0.02    0.13    0.13    3.49 v _08295_/Y (sky130_fd_sc_hd__o31ai_4)
                                         _02895_ (net)
                  0.13    0.00    3.49 v _08298_/A (sky130_fd_sc_hd__nand2_2)
     3    0.02    0.13    0.15    3.64 ^ _08298_/Y (sky130_fd_sc_hd__nand2_2)
                                         _02898_ (net)
                  0.13    0.00    3.64 ^ _08299_/B (sky130_fd_sc_hd__xnor2_1)
     1    0.01    0.11    0.12    3.76 v _08299_/Y (sky130_fd_sc_hd__xnor2_1)
                                         _02899_ (net)
                  0.11    0.00    3.76 v _08308_/A2 (sky130_fd_sc_hd__a22oi_4)
    17    0.10    0.69    0.62    4.38 ^ _08308_/Y (sky130_fd_sc_hd__a22oi_4)
                                         _02908_ (net)
                  0.69    0.01    4.39 ^ _10009_/B2 (sky130_fd_sc_hd__o221ai_1)
     1    0.01    0.17    0.23    4.62 v _10009_/Y (sky130_fd_sc_hd__o221ai_1)
                                         _01004_ (net)
                  0.17    0.00    4.62 v hold1399/A (sky130_fd_sc_hd__dlygate4sd3_1)
     1    0.00    0.06    0.61    5.23 v hold1399/X (sky130_fd_sc_hd__dlygate4sd3_1)
                                         net1509 (net)
                  0.06    0.00    5.23 v CPU_Xreg_value_a4[9][20]$_SDFFE_PP0P_/D (sky130_fd_sc_hd__dfxtp_1)
                                  5.23   data arrival time

                          9.60    9.60   clock clk (rise edge)
                          0.00    9.60   clock source latency
     1    0.06    0.00    0.00    9.60 ^ clk (in)
                                         clk (net)
                  0.00    0.00    9.60 ^ clkbuf_0_clk/A (sky130_fd_sc_hd__clkbuf_16)
    16    0.32    0.33    0.32    9.92 ^ clkbuf_0_clk/X (sky130_fd_sc_hd__clkbuf_16)
                                         clknet_0_clk (net)
                  0.33    0.01    9.93 ^ clkbuf_4_9_0_clk/A (sky130_fd_sc_hd__clkbuf_16)
     7    0.12    0.14    0.29   10.21 ^ clkbuf_4_9_0_clk/X (sky130_fd_sc_hd__clkbuf_16)
                                         clknet_4_9_0_clk (net)
                  0.14    0.00   10.22 ^ clkbuf_leaf_40_clk/A (sky130_fd_sc_hd__clkbuf_16)
    11    0.04    0.06    0.18   10.39 ^ clkbuf_leaf_40_clk/X (sky130_fd_sc_hd__clkbuf_16)
                                         clknet_leaf_40_clk (net)
                  0.06    0.00   10.40 ^ CPU_Xreg_value_a4[9][20]$_SDFFE_PP0P_/CLK (sky130_fd_sc_hd__dfxtp_1)
                         -0.48    9.92   clock uncertainty
                          0.00    9.92   clock reconvergence pessimism
                         -0.11    9.80   library setup time
                                  9.80   data required time
-----------------------------------------------------------------------------
                                  9.80   data required time
                                 -5.23   data arrival time
-----------------------------------------------------------------------------
                                  4.57   slack (MET)



==========================================================================
global route report_checks -unconstrained
--------------------------------------------------------------------------
Startpoint: CPU_imm_a3[30]$_DFF_P_
            (rising edge-triggered flip-flop clocked by clk)
Endpoint: CPU_Xreg_value_a4[9][20]$_SDFFE_PP0P_
          (rising edge-triggered flip-flop clocked by clk)
Path Group: clk
Path Type: max

Fanout     Cap    Slew   Delay    Time   Description
-----------------------------------------------------------------------------
                          0.00    0.00   clock clk (rise edge)
                          0.00    0.00   clock source latency
     1    0.06    0.00    0.00    0.00 ^ clk (in)
                                         clk (net)
                  0.00    0.00    0.00 ^ clkbuf_0_clk/A (sky130_fd_sc_hd__clkbuf_16)
    16    0.32    0.33    0.32    0.32 ^ clkbuf_0_clk/X (sky130_fd_sc_hd__clkbuf_16)
                                         clknet_0_clk (net)
                  0.33    0.01    0.33 ^ clkbuf_4_6_0_clk/A (sky130_fd_sc_hd__clkbuf_16)
     7    0.12    0.13    0.28    0.61 ^ clkbuf_4_6_0_clk/X (sky130_fd_sc_hd__clkbuf_16)
                                         clknet_4_6_0_clk (net)
                  0.13    0.00    0.62 ^ clkbuf_leaf_98_clk/A (sky130_fd_sc_hd__clkbuf_16)
    11    0.05    0.07    0.18    0.79 ^ clkbuf_leaf_98_clk/X (sky130_fd_sc_hd__clkbuf_16)
                                         clknet_leaf_98_clk (net)
                  0.07    0.00    0.79 ^ CPU_imm_a3[30]$_DFF_P_/CLK (sky130_fd_sc_hd__dfxtp_4)
    51    0.29    0.81    0.87    1.67 ^ CPU_imm_a3[30]$_DFF_P_/Q (sky130_fd_sc_hd__dfxtp_4)
                                         CPU_imm_a3[10] (net)
                  0.81    0.03    1.70 ^ _11545_/A (sky130_fd_sc_hd__ha_2)
    10    0.04    0.13    0.51    2.20 v _11545_/SUM (sky130_fd_sc_hd__ha_2)
                                         _05608_ (net)
                  0.13    0.00    2.20 v _08195_/A (sky130_fd_sc_hd__nor4_1)
     2    0.01    0.59    0.58    2.78 ^ _08195_/Y (sky130_fd_sc_hd__nor4_1)
                                         _02800_ (net)
                  0.59    0.00    2.78 ^ _08196_/C (sky130_fd_sc_hd__nand3_1)
     1    0.01    0.18    0.24    3.02 v _08196_/Y (sky130_fd_sc_hd__nand3_1)
                                         _02801_ (net)
                  0.18    0.00    3.02 v _08197_/B1 (sky130_fd_sc_hd__a41oi_4)
     2    0.03    0.29    0.33    3.35 ^ _08197_/Y (sky130_fd_sc_hd__a41oi_4)
                                         _02802_ (net)
                  0.29    0.00    3.35 ^ _08295_/A2 (sky130_fd_sc_hd__o31ai_4)
     2    0.02    0.13    0.13    3.49 v _08295_/Y (sky130_fd_sc_hd__o31ai_4)
                                         _02895_ (net)
                  0.13    0.00    3.49 v _08298_/A (sky130_fd_sc_hd__nand2_2)
     3    0.02    0.13    0.15    3.64 ^ _08298_/Y (sky130_fd_sc_hd__nand2_2)
                                         _02898_ (net)
                  0.13    0.00    3.64 ^ _08299_/B (sky130_fd_sc_hd__xnor2_1)
     1    0.01    0.11    0.12    3.76 v _08299_/Y (sky130_fd_sc_hd__xnor2_1)
                                         _02899_ (net)
                  0.11    0.00    3.76 v _08308_/A2 (sky130_fd_sc_hd__a22oi_4)
    17    0.10    0.69    0.62    4.38 ^ _08308_/Y (sky130_fd_sc_hd__a22oi_4)
                                         _02908_ (net)
                  0.69    0.01    4.39 ^ _10009_/B2 (sky130_fd_sc_hd__o221ai_1)
     1    0.01    0.17    0.23    4.62 v _10009_/Y (sky130_fd_sc_hd__o221ai_1)
                                         _01004_ (net)
                  0.17    0.00    4.62 v hold1399/A (sky130_fd_sc_hd__dlygate4sd3_1)
     1    0.00    0.06    0.61    5.23 v hold1399/X (sky130_fd_sc_hd__dlygate4sd3_1)
                                         net1509 (net)
                  0.06    0.00    5.23 v CPU_Xreg_value_a4[9][20]$_SDFFE_PP0P_/D (sky130_fd_sc_hd__dfxtp_1)
                                  5.23   data arrival time

                          9.60    9.60   clock clk (rise edge)
                          0.00    9.60   clock source latency
     1    0.06    0.00    0.00    9.60 ^ clk (in)
                                         clk (net)
                  0.00    0.00    9.60 ^ clkbuf_0_clk/A (sky130_fd_sc_hd__clkbuf_16)
    16    0.32    0.33    0.32    9.92 ^ clkbuf_0_clk/X (sky130_fd_sc_hd__clkbuf_16)
                                         clknet_0_clk (net)
                  0.33    0.01    9.93 ^ clkbuf_4_9_0_clk/A (sky130_fd_sc_hd__clkbuf_16)
     7    0.12    0.14    0.29   10.21 ^ clkbuf_4_9_0_clk/X (sky130_fd_sc_hd__clkbuf_16)
                                         clknet_4_9_0_clk (net)
                  0.14    0.00   10.22 ^ clkbuf_leaf_40_clk/A (sky130_fd_sc_hd__clkbuf_16)
    11    0.04    0.06    0.18   10.39 ^ clkbuf_leaf_40_clk/X (sky130_fd_sc_hd__clkbuf_16)
                                         clknet_leaf_40_clk (net)
                  0.06    0.00   10.40 ^ CPU_Xreg_value_a4[9][20]$_SDFFE_PP0P_/CLK (sky130_fd_sc_hd__dfxtp_1)
                         -0.48    9.92   clock uncertainty
                          0.00    9.92   clock reconvergence pessimism
                         -0.11    9.80   library setup time
                                  9.80   data required time
-----------------------------------------------------------------------------
                                  9.80   data required time
                                 -5.23   data arrival time
-----------------------------------------------------------------------------
                                  4.57   slack (MET)



==========================================================================
global route report_check_types -max_slew -max_cap -max_fanout -violators
--------------------------------------------------------------------------

==========================================================================
global route max_slew_check_slack
--------------------------------------------------------------------------
0.2436322271823883

==========================================================================
global route max_slew_check_limit
--------------------------------------------------------------------------
1.5

==========================================================================
global route max_slew_check_slack_limit
--------------------------------------------------------------------------
0.1624

==========================================================================
global route max_fanout_check_slack
--------------------------------------------------------------------------
1.0000000150474662e+30

==========================================================================
global route max_fanout_check_limit
--------------------------------------------------------------------------
1.0000000150474662e+30

==========================================================================
global route max_capacitance_check_slack
--------------------------------------------------------------------------
0.015233824960887432

==========================================================================
global route max_capacitance_check_limit
--------------------------------------------------------------------------
0.021067000925540924

==========================================================================
global route max_capacitance_check_slack_limit
--------------------------------------------------------------------------
0.7231

==========================================================================
global route max_slew_violation_count
--------------------------------------------------------------------------
max slew violation count 0

==========================================================================
global route max_fanout_violation_count
--------------------------------------------------------------------------
max fanout violation count 0

==========================================================================
global route max_cap_violation_count
--------------------------------------------------------------------------
max cap violation count 0

==========================================================================
global route setup_violation_count
--------------------------------------------------------------------------
setup violation count 0

==========================================================================
global route hold_violation_count
--------------------------------------------------------------------------
hold violation count 0

==========================================================================
global route report_checks -path_delay max reg to reg
--------------------------------------------------------------------------
Startpoint: CPU_imm_a3[30]$_DFF_P_
            (rising edge-triggered flip-flop clocked by clk)
Endpoint: CPU_Xreg_value_a4[9][20]$_SDFFE_PP0P_
          (rising edge-triggered flip-flop clocked by clk)
Path Group: clk
Path Type: max

  Delay    Time   Description
---------------------------------------------------------
   0.00    0.00   clock clk (rise edge)
   0.00    0.00   clock source latency
   0.00    0.00 ^ clk (in)
   0.32    0.32 ^ clkbuf_0_clk/X (sky130_fd_sc_hd__clkbuf_16)
   0.29    0.61 ^ clkbuf_4_6_0_clk/X (sky130_fd_sc_hd__clkbuf_16)
   0.18    0.79 ^ clkbuf_leaf_98_clk/X (sky130_fd_sc_hd__clkbuf_16)
   0.00    0.79 ^ CPU_imm_a3[30]$_DFF_P_/CLK (sky130_fd_sc_hd__dfxtp_4)
   0.87    1.67 ^ CPU_imm_a3[30]$_DFF_P_/Q (sky130_fd_sc_hd__dfxtp_4)
   0.53    2.20 v _11545_/SUM (sky130_fd_sc_hd__ha_2)
   0.58    2.78 ^ _08195_/Y (sky130_fd_sc_hd__nor4_1)
   0.24    3.02 v _08196_/Y (sky130_fd_sc_hd__nand3_1)
   0.33    3.35 ^ _08197_/Y (sky130_fd_sc_hd__a41oi_4)
   0.13    3.49 v _08295_/Y (sky130_fd_sc_hd__o31ai_4)
   0.15    3.64 ^ _08298_/Y (sky130_fd_sc_hd__nand2_2)
   0.12    3.76 v _08299_/Y (sky130_fd_sc_hd__xnor2_1)
   0.62    4.38 ^ _08308_/Y (sky130_fd_sc_hd__a22oi_4)
   0.24    4.62 v _10009_/Y (sky130_fd_sc_hd__o221ai_1)
   0.61    5.23 v hold1399/X (sky130_fd_sc_hd__dlygate4sd3_1)
   0.00    5.23 v CPU_Xreg_value_a4[9][20]$_SDFFE_PP0P_/D (sky130_fd_sc_hd__dfxtp_1)
           5.23   data arrival time

   9.60    9.60   clock clk (rise edge)
   0.00    9.60   clock source latency
   0.00    9.60 ^ clk (in)
   0.32    9.92 ^ clkbuf_0_clk/X (sky130_fd_sc_hd__clkbuf_16)
   0.29   10.21 ^ clkbuf_4_9_0_clk/X (sky130_fd_sc_hd__clkbuf_16)
   0.18   10.39 ^ clkbuf_leaf_40_clk/X (sky130_fd_sc_hd__clkbuf_16)
   0.00   10.40 ^ CPU_Xreg_value_a4[9][20]$_SDFFE_PP0P_/CLK (sky130_fd_sc_hd__dfxtp_1)
  -0.48    9.92   clock uncertainty
   0.00    9.92   clock reconvergence pessimism
  -0.11    9.80   library setup time
           9.80   data required time
---------------------------------------------------------
           9.80   data required time
          -5.23   data arrival time
---------------------------------------------------------
           4.57   slack (MET)



==========================================================================
global route report_checks -path_delay min reg to reg
--------------------------------------------------------------------------
Startpoint: CPU_Dmem_value_a5[6][26]$_SDFFE_PP0P_
            (rising edge-triggered flip-flop clocked by clk)
Endpoint: CPU_dmem_rd_data_a5[26]$_DFF_P_
          (rising edge-triggered flip-flop clocked by clk)
Path Group: clk
Path Type: min

  Delay    Time   Description
---------------------------------------------------------
   0.00    0.00   clock clk (rise edge)
   0.00    0.00   clock source latency
   0.00    0.00 ^ clk (in)
   0.32    0.32 ^ clkbuf_0_clk/X (sky130_fd_sc_hd__clkbuf_16)
   0.30    0.62 ^ clkbuf_4_5_0_clk/X (sky130_fd_sc_hd__clkbuf_16)
   0.18    0.80 ^ clkbuf_leaf_78_clk/X (sky130_fd_sc_hd__clkbuf_16)
   0.00    0.80 ^ CPU_Dmem_value_a5[6][26]$_SDFFE_PP0P_/CLK (sky130_fd_sc_hd__dfxtp_1)
   0.32    1.13 ^ CPU_Dmem_value_a5[6][26]$_SDFFE_PP0P_/Q (sky130_fd_sc_hd__dfxtp_1)
   0.08    1.21 v _11358_/Y (sky130_fd_sc_hd__a22oi_1)
   0.13    1.34 ^ _11359_/Y (sky130_fd_sc_hd__nand4_1)
   0.19    1.53 ^ _11360_/X (sky130_fd_sc_hd__o22a_1)
   0.00    1.53 ^ CPU_dmem_rd_data_a5[26]$_DFF_P_/D (sky130_fd_sc_hd__dfxtp_1)
           1.53   data arrival time

   0.00    0.00   clock clk (rise edge)
   0.00    0.00   clock source latency
   0.00    0.00 ^ clk (in)
   0.32    0.32 ^ clkbuf_0_clk/X (sky130_fd_sc_hd__clkbuf_16)
   0.29    0.61 ^ clkbuf_4_7_0_clk/X (sky130_fd_sc_hd__clkbuf_16)
   0.18    0.79 ^ clkbuf_leaf_73_clk/X (sky130_fd_sc_hd__clkbuf_16)
   0.00    0.79 ^ CPU_dmem_rd_data_a5[26]$_DFF_P_/CLK (sky130_fd_sc_hd__dfxtp_1)
   0.77    1.56   clock uncertainty
   0.00    1.56   clock reconvergence pessimism
  -0.04    1.52   library hold time
           1.52   data required time
---------------------------------------------------------
           1.52   data required time
          -1.53   data arrival time
---------------------------------------------------------
           0.01   slack (MET)



==========================================================================
global route critical path target clock latency max path
--------------------------------------------------------------------------
0

==========================================================================
global route critical path target clock latency min path
--------------------------------------------------------------------------
0

==========================================================================
global route critical path source clock latency min path
--------------------------------------------------------------------------
0

==========================================================================
global route critical path delay
--------------------------------------------------------------------------
5.2343

==========================================================================
global route critical path slack
--------------------------------------------------------------------------
4.5690

==========================================================================
global route slack div critical path delay
--------------------------------------------------------------------------
87.289609

==========================================================================
global route report_power
--------------------------------------------------------------------------
Group                  Internal  Switching    Leakage      Total
                          Power      Power      Power      Power (Watts)
----------------------------------------------------------------
Sequential             5.77e-03   7.96e-04   1.04e-08   6.57e-03  35.5%
Combinational          1.96e-03   4.18e-03   2.26e-08   6.14e-03  33.2%
Clock                  3.21e-03   2.57e-03   2.28e-09   5.78e-03  31.3%
Macro                  0.00e+00   0.00e+00   0.00e+00   0.00e+00   0.0%
Pad                    0.00e+00   0.00e+00   0.00e+00   0.00e+00   0.0%
----------------------------------------------------------------
Total                  1.09e-02   7.55e-03   3.52e-08   1.85e-02 100.0%
                          59.2%      40.8%       0.0%
