OpenROAD v2.0-17013-gf7f634f88 
Features included (+) or not (-): +Charts +GPU +GUI +Python
This program is licensed under the BSD-3 license. See the LICENSE file for details.
Components of this program may be licensed under more restrictive licenses which must be honored.
[INFO ORD-0030] Using 12 thread(s).
Placement Analysis
---------------------------------
total displacement      19927.7 u
average displacement        2.2 u
max displacement           33.7 u
original HPWL          142607.4 u
legalized HPWL         161300.9 u
delta HPWL                   13 %

Detailed placement improvement.
Importing netlist into detailed improver.
[INFO DPO-0100] Creating network with 8853 cells, 12 terminals, 6668 edges, 24095 pins, and 0 blockages.
[INFO DPO-0109] Network stats: inst 8865, edges 6668, pins 24095
[INFO DPO-0110] Number of regions is 1
[INFO DPO-0401] Setting random seed to 1.
[INFO DPO-0402] Setting maximum displacement 5 1 to 13600 2720 units.
[INFO DPO-0320] Collected 2337 fixed cells.
[INFO DPO-0318] Collected 6528 single height cells.
[INFO DPO-0321] Collected 0 wide cells.
[INFO DPO-0322] Image (20240, 21760) - (439760, 437920)
[INFO DPO-0310] Assigned 6528 cells into segments.  Movement in X-direction is 0.000000, movement in Y-direction is 0.000000.
[INFO DPO-0313] Found 0 cells in wrong regions.
[INFO DPO-0315] Found 0 row alignment problems.
[INFO DPO-0314] Found 0 site alignment problems.
[INFO DPO-0311] Found 0 overlaps between adjacent cells.
[INFO DPO-0312] Found 0 edge spacing violations and 0 padding violations.
[INFO DPO-0303] Running algorithm for independent set matching.
[INFO DPO-0300] Set matching objective is wirelength.
[INFO DPO-0301] Pass   1 of matching; objective is 1.623909e+08.
[INFO DPO-0302] End of matching; objective is 1.620823e+08, improvement is 0.19 percent.
[INFO DPO-0303] Running algorithm for global swaps.
[INFO DPO-0306] Pass   1 of global swaps; hpwl is 1.585420e+08.
[INFO DPO-0306] Pass   2 of global swaps; hpwl is 1.579402e+08.
[INFO DPO-0307] End of global swaps; objective is 1.579402e+08, improvement is 2.56 percent.
[INFO DPO-0303] Running algorithm for vertical swaps.
[INFO DPO-0308] Pass   1 of vertical swaps; hpwl is 1.573165e+08.
[INFO DPO-0309] End of vertical swaps; objective is 1.573165e+08, improvement is 0.39 percent.
[INFO DPO-0303] Running algorithm for reordering.
[INFO DPO-0304] Pass   1 of reordering; objective is 1.567289e+08.
[INFO DPO-0305] End of reordering; objective is 1.567289e+08, improvement is 0.37 percent.
[INFO DPO-0303] Running algorithm for random improvement.
[INFO DPO-0324] Random improver is using displacement generator.
[INFO DPO-0325] Random improver is using hpwl objective.
[INFO DPO-0326] Random improver cost string is (a).
[INFO DPO-0332] End of pass, Generator displacement called 130560 times.
[INFO DPO-0335] Generator displacement, Cumulative attempts 130560, swaps 17930, moves 32566 since last reset.
[INFO DPO-0333] End of pass, Objective hpwl, Initial cost 1.553668e+08, Scratch cost 1.532261e+08, Incremental cost 1.532261e+08, Mismatch? N
[INFO DPO-0338] End of pass, Total cost is 1.532261e+08.
[INFO DPO-0327] Pass   1 of random improver; improvement in cost is 1.38 percent.
[INFO DPO-0332] End of pass, Generator displacement called 130560 times.
[INFO DPO-0335] Generator displacement, Cumulative attempts 261120, swaps 34911, moves 65442 since last reset.
[INFO DPO-0333] End of pass, Objective hpwl, Initial cost 1.532261e+08, Scratch cost 1.524587e+08, Incremental cost 1.524587e+08, Mismatch? N
[INFO DPO-0338] End of pass, Total cost is 1.524587e+08.
[INFO DPO-0327] Pass   2 of random improver; improvement in cost is 0.50 percent.
[INFO DPO-0328] End of random improver; improvement is 1.871766 percent.
[INFO DPO-0380] Cell flipping.
[INFO DPO-0382] Changed 3291 cell orientations for row compatibility.
[INFO DPO-0383] Performed 1724 cell flips.
[INFO DPO-0384] End of flipping; objective is 1.515895e+08, improvement is 1.45 percent.
[INFO DPO-0313] Found 0 cells in wrong regions.
[INFO DPO-0315] Found 0 row alignment problems.
[INFO DPO-0314] Found 0 site alignment problems.
[INFO DPO-0311] Found 0 overlaps between adjacent cells.
[INFO DPO-0312] Found 0 edge spacing violations and 0 padding violations.
Detailed Improvement Results
------------------------------------------
Original HPWL           161300.9 u
Final HPWL              150058.8 u
Delta HPWL                  -7.0 %

[INFO DPL-0020] Mirrored 299 instances
[INFO DPL-0021] HPWL before          150058.8 u
[INFO DPL-0022] HPWL after           149928.8 u
[INFO DPL-0023] HPWL delta               -0.1 %
[INFO FLW-0012] Placement violations .
Report metrics stage 3, detailed place...

==========================================================================
detailed place report_design_area
--------------------------------------------------------------------------
Design area 65109 u^2 37% utilization.
Elapsed time: 0:03.23[h:]min:sec. CPU time: user 3.18 sys 0.04 (99%). Peak memory: 185424KB.
