OpenROAD v2.0-17013-gf7f634f88 
Features included (+) or not (-): +Charts +GPU +GUI +Python
This program is licensed under the BSD-3 license. See the LICENSE file for details.
Components of this program may be licensed under more restrictive licenses which must be honored.
[INFO ORD-0030] Using 12 thread(s).
Deleted 0 routing obstructions
[INFO RCX-0431] Defined process_corner X with ext_model_index 0
[INFO RCX-0029] Defined extraction corner X
[INFO RCX-0435] Reading extraction model file /home/arnav-verma/OpenRoad/flow/platforms/sky130hd/rcx_patterns.rules ...
[INFO RCX-0436] RC segment generation RV_CPU (max_merge_res 50.0) ...
[INFO RCX-0040] Final 32104 rc segments
[INFO RCX-0439] Coupling Cap extraction RV_CPU ...
[INFO RCX-0440] Coupling threshhold is 0.1000 fF, coupling capacitance less than 0.1000 fF will be grounded.
[INFO RCX-0442] 53% of 77834 wires extracted
[INFO RCX-0442] 100% of 77834 wires extracted
[INFO RCX-0045] Extract 8546 nets, 40585 rsegs, 40585 caps, 92418 ccs
[INFO RCX-0443] 8546 nets finished
[INFO PSM-0040] All shapes on net VDD are connected.
[INFO PSM-0073] Using bump pattern with x-pitch 140.0000um, y-pitch 140.0000um, and size 70.0000um with an reduction factor of 3x.
########## IR report #################
Net              : VDD
Corner           : default
Supply voltage   : 1.80e+00 V
Worstcase voltage: 1.80e+00 V
Average voltage  : 1.80e+00 V
Average IR drop  : 3.04e-04 V
Worstcase IR drop: 8.61e-04 V
Percentage drop  : 0.05 %
######################################
[INFO PSM-0040] All shapes on net VSS are connected.
[INFO PSM-0073] Using bump pattern with x-pitch 140.0000um, y-pitch 140.0000um, and size 70.0000um with an reduction factor of 3x.
########## IR report #################
Net              : VSS
Corner           : default
Supply voltage   : 0.00e+00 V
Worstcase voltage: 9.53e-04 V
Average voltage  : 4.02e-04 V
Average IR drop  : 4.02e-04 V
Worstcase IR drop: 9.53e-04 V
Percentage drop  : 0.05 %
######################################
Cell type report:                       Count       Area
  Antenna cell                              8      20.02
  Clock buffer                            192    3920.01
  Timing Repair Buffer                   1849   19265.98
  Inverter                                113     492.97
  Clock inverter                           57     723.19
  Sequential cell                        1274   25794.74
  Multi-Input combinational cell         5034   34092.70
  Total                                  8527   84309.61
Report metrics stage 6, finish...

==========================================================================
finish report_design_area
--------------------------------------------------------------------------
Design area 87219 u^2 50% utilization.
Elapsed time: 0:09.30[h:]min:sec. CPU time: user 9.17 sys 0.15 (100%). Peak memory: 460028KB.
