OpenROAD v2.0-17013-gf7f634f88 
Features included (+) or not (-): +Charts +GPU +GUI +Python
This program is licensed under the BSD-3 license. See the LICENSE file for details.
Components of this program may be licensed under more restrictive licenses which must be honored.
[INFO ORD-0030] Using 12 thread(s).
Placement Analysis
---------------------------------
total displacement      17835.2 u
average displacement        0.6 u
max displacement           32.4 u
original HPWL          151374.9 u
legalized HPWL         165613.4 u
delta HPWL                    9 %

Detailed placement improvement.
Importing netlist into detailed improver.
[INFO DPO-0100] Creating network with 30410 cells, 7 terminals, 6669 edges, 23986 pins, and 0 blockages.
[INFO DPO-0109] Network stats: inst 30417, edges 6669, pins 23986
[INFO DPO-0110] Number of regions is 1
[INFO DPO-0401] Setting random seed to 1.
[INFO DPO-0402] Setting maximum displacement 5 1 to 13600 2720 units.
[INFO DPO-0320] Collected 24111 fixed cells.
[INFO DPO-0318] Collected 6523 single height cells.
[INFO DPO-0321] Collected 0 wide cells.
[INFO DPO-0322] Image (20240, 21760) - (1589760, 1588480)
[INFO DPO-0310] Assigned 6523 cells into segments.  Movement in X-direction is 0.000000, movement in Y-direction is 0.000000.
[INFO DPO-0313] Found 0 cells in wrong regions.
[INFO DPO-0315] Found 0 row alignment problems.
[INFO DPO-0314] Found 0 site alignment problems.
[INFO DPO-0311] Found 0 overlaps between adjacent cells.
[INFO DPO-0312] Found 0 edge spacing violations and 0 padding violations.
[INFO DPO-0303] Running algorithm for independent set matching.
[INFO DPO-0300] Set matching objective is wirelength.
[INFO DPO-0301] Pass   1 of matching; objective is 1.648475e+08.
[INFO DPO-0302] End of matching; objective is 1.646796e+08, improvement is 0.10 percent.
[INFO DPO-0303] Running algorithm for global swaps.
[INFO DPO-0306] Pass   1 of global swaps; hpwl is 1.619986e+08.
[INFO DPO-0306] Pass   2 of global swaps; hpwl is 1.615176e+08.
[INFO DPO-0307] End of global swaps; objective is 1.615176e+08, improvement is 1.92 percent.
[INFO DPO-0303] Running algorithm for vertical swaps.
[INFO DPO-0308] Pass   1 of vertical swaps; hpwl is 1.609666e+08.
[INFO DPO-0309] End of vertical swaps; objective is 1.609666e+08, improvement is 0.34 percent.
[INFO DPO-0303] Running algorithm for reordering.
[INFO DPO-0304] Pass   1 of reordering; objective is 1.604089e+08.
[INFO DPO-0305] End of reordering; objective is 1.604089e+08, improvement is 0.35 percent.
[INFO DPO-0303] Running algorithm for random improvement.
[INFO DPO-0324] Random improver is using displacement generator.
[INFO DPO-0325] Random improver is using hpwl objective.
[INFO DPO-0326] Random improver cost string is (a).
[INFO DPO-0332] End of pass, Generator displacement called 130460 times.
[INFO DPO-0335] Generator displacement, Cumulative attempts 130460, swaps 17920, moves 33072 since last reset.
[INFO DPO-0333] End of pass, Objective hpwl, Initial cost 1.580587e+08, Scratch cost 1.560962e+08, Incremental cost 1.560962e+08, Mismatch? N
[INFO DPO-0338] End of pass, Total cost is 1.560962e+08.
[INFO DPO-0327] Pass   1 of random improver; improvement in cost is 1.24 percent.
[INFO DPO-0332] End of pass, Generator displacement called 130460 times.
[INFO DPO-0335] Generator displacement, Cumulative attempts 260920, swaps 35255, moves 65745 since last reset.
[INFO DPO-0333] End of pass, Objective hpwl, Initial cost 1.560962e+08, Scratch cost 1.553342e+08, Incremental cost 1.553342e+08, Mismatch? N
[INFO DPO-0338] End of pass, Total cost is 1.553342e+08.
[INFO DPO-0327] Pass   2 of random improver; improvement in cost is 0.49 percent.
[INFO DPO-0328] End of random improver; improvement is 1.723716 percent.
[INFO DPO-0380] Cell flipping.
[INFO DPO-0382] Changed 3285 cell orientations for row compatibility.
[INFO DPO-0383] Performed 1916 cell flips.
[INFO DPO-0384] End of flipping; objective is 1.551565e+08, improvement is 1.61 percent.
[INFO DPO-0313] Found 0 cells in wrong regions.
[INFO DPO-0315] Found 0 row alignment problems.
[INFO DPO-0314] Found 0 site alignment problems.
[INFO DPO-0311] Found 0 overlaps between adjacent cells.
[INFO DPO-0312] Found 0 edge spacing violations and 0 padding violations.
Detailed Improvement Results
------------------------------------------
Original HPWL           165613.4 u
Final HPWL              155703.8 u
Delta HPWL                  -6.0 %

[INFO DPL-0020] Mirrored 306 instances
[INFO DPL-0021] HPWL before          155703.8 u
[INFO DPL-0022] HPWL after           155596.4 u
[INFO DPL-0023] HPWL delta               -0.1 %
[INFO FLW-0012] Placement violations .
Report metrics stage 3, detailed place...

==========================================================================
detailed place report_design_area
--------------------------------------------------------------------------
Design area 753153 u^2 31% utilization.
Elapsed time: 0:04.06[h:]min:sec. CPU time: user 3.94 sys 0.11 (99%). Peak memory: 447868KB.
