OpenROAD v2.0-17013-gf7f634f88 
Features included (+) or not (-): +Charts +GPU +GUI +Python
This program is licensed under the BSD-3 license. See the LICENSE file for details.
Components of this program may be licensed under more restrictive licenses which must be honored.
[INFO ORD-0030] Using 12 thread(s).
Deleted 0 routing obstructions
[INFO RCX-0431] Defined process_corner X with ext_model_index 0
[INFO RCX-0029] Defined extraction corner X
[INFO RCX-0435] Reading extraction model file /home/arnav-verma/OpenRoad/flow/platforms/sky130hd/rcx_patterns.rules ...
[INFO RCX-0436] RC segment generation vsdbabysoc (max_merge_res 50.0) ...
[INFO RCX-0040] Final 31906 rc segments
[INFO RCX-0439] Coupling Cap extraction vsdbabysoc ...
[INFO RCX-0440] Coupling threshhold is 0.1000 fF, coupling capacitance less than 0.1000 fF will be grounded.
[INFO RCX-0442] 7% of 121484 wires extracted
[INFO RCX-0442] 21% of 121484 wires extracted
[INFO RCX-0442] 70% of 121484 wires extracted
[INFO RCX-0442] 99% of 121484 wires extracted
[INFO RCX-0045] Extract 8538 nets, 40378 rsegs, 40378 caps, 91305 ccs
[INFO RCX-0443] 8538 nets finished
[INFO PSM-0040] All shapes on net VDD are connected.
[INFO PSM-0073] Using bump pattern with x-pitch 140.0000um, y-pitch 140.0000um, and size 70.0000um with an reduction factor of 3x.
########## IR report #################
Net              : VDD
Corner           : default
Supply voltage   : 1.80e+00 V
Worstcase voltage: 1.80e+00 V
Average voltage  : 1.80e+00 V
Average IR drop  : 2.91e-05 V
Worstcase IR drop: 7.92e-04 V
Percentage drop  : 0.04 %
######################################
[INFO PSM-0040] All shapes on net VSS are connected.
[INFO PSM-0073] Using bump pattern with x-pitch 140.0000um, y-pitch 140.0000um, and size 70.0000um with an reduction factor of 3x.
########## IR report #################
Net              : VSS
Corner           : default
Supply voltage   : 0.00e+00 V
Worstcase voltage: 7.57e-04 V
Average voltage  : 2.77e-05 V
Average IR drop  : 2.77e-05 V
Worstcase IR drop: 7.57e-04 V
Percentage drop  : 0.04 %
######################################
Cell type report:                       Count       Area
  Macro                                     2  662104.35
  Antenna cell                             59     147.64
  Clock buffer                            190    3827.42
  Timing Repair Buffer                   1842   19469.92
  Inverter                                110     472.95
  Clock inverter                           50     563.04
  Sequential cell                        1274   25823.52
  Multi-Input combinational cell         5031   32753.91
  Total                                  8558  745162.76
Report metrics stage 6, finish...

==========================================================================
finish report_design_area
--------------------------------------------------------------------------
Design area 775048 u^2 32% utilization.
Elapsed time: 0:26.62[h:]min:sec. CPU time: user 26.12 sys 0.52 (100%). Peak memory: 1037588KB.
