
==========================================================================
detailed place report_tns
--------------------------------------------------------------------------
tns 0.00

==========================================================================
detailed place report_wns
--------------------------------------------------------------------------
wns 0.00

==========================================================================
detailed place report_worst_slack
--------------------------------------------------------------------------
worst slack 4.52

==========================================================================
detailed place report_checks -path_delay min
--------------------------------------------------------------------------
Startpoint: core.CPU_rd_a2[1]$_DFF_P_
            (rising edge-triggered flip-flop clocked by clk)
Endpoint: core.CPU_rd_a3[1]$_DFF_P_
          (rising edge-triggered flip-flop clocked by clk)
Path Group: clk
Path Type: min

Fanout     Cap    Slew   Delay    Time   Description
-----------------------------------------------------------------------------
                  0.48    0.00    0.00   clock clk (rise edge)
                          0.00    0.00   clock network delay (ideal)
                  0.48    0.00    0.00 ^ core.CPU_rd_a2[1]$_DFF_P_/CLK (sky130_fd_sc_hd__dfxtp_1)
     1    0.00    0.02    0.40    0.40 v core.CPU_rd_a2[1]$_DFF_P_/Q (sky130_fd_sc_hd__dfxtp_1)
                                         core.CPU_rd_a2[1] (net)
                  0.02    0.00    0.40 v core.CPU_rd_a3[1]$_DFF_P_/D (sky130_fd_sc_hd__dfxtp_2)
                                  0.40   data arrival time

                  0.48    0.00    0.00   clock clk (rise edge)
                          0.00    0.00   clock network delay (ideal)
                          0.77    0.77   clock uncertainty
                          0.00    0.77   clock reconvergence pessimism
                                  0.77 ^ core.CPU_rd_a3[1]$_DFF_P_/CLK (sky130_fd_sc_hd__dfxtp_2)
                          0.06    0.83   library hold time
                                  0.83   data required time
-----------------------------------------------------------------------------
                                  0.83   data required time
                                 -0.40   data arrival time
-----------------------------------------------------------------------------
                                 -0.43   slack (VIOLATED)



==========================================================================
detailed place report_checks -path_delay max
--------------------------------------------------------------------------
Startpoint: core.CPU_valid_load_a5$_DFF_P_
            (rising edge-triggered flip-flop clocked by clk)
Endpoint: core.CPU_Xreg_value_a4[14][18]$_SDFFE_PP0P_
          (rising edge-triggered flip-flop clocked by clk)
Path Group: clk
Path Type: max

Fanout     Cap    Slew   Delay    Time   Description
-----------------------------------------------------------------------------
                  0.48    0.00    0.00   clock clk (rise edge)
                          0.00    0.00   clock network delay (ideal)
                  0.48    0.00    0.00 ^ core.CPU_valid_load_a5$_DFF_P_/CLK (sky130_fd_sc_hd__dfxtp_1)
     2    0.02    0.16    0.50    0.50 ^ core.CPU_valid_load_a5$_DFF_P_/Q (sky130_fd_sc_hd__dfxtp_1)
                                         core.CPU_valid_load_a5 (net)
                  0.16    0.00    0.50 ^ _05805_/D (sky130_fd_sc_hd__or4_4)
    48    0.47    1.33    1.03    1.53 ^ _05805_/X (sky130_fd_sc_hd__or4_4)
                                         _01035_ (net)
                  1.33    0.07    1.60 ^ _05806_/A (sky130_fd_sc_hd__clkinv_16)
    48    0.45    0.54    0.55    2.15 v _05806_/Y (sky130_fd_sc_hd__clkinv_16)
                                         _01036_ (net)
                  0.55    0.05    2.20 v _07859_/C (sky130_fd_sc_hd__nor3_1)
     1    0.01    0.32    0.41    2.60 ^ _07859_/Y (sky130_fd_sc_hd__nor3_1)
                                         _02490_ (net)
                  0.32    0.00    2.60 ^ _07860_/B1 (sky130_fd_sc_hd__a21oi_2)
     3    0.02    0.14    0.12    2.73 v _07860_/Y (sky130_fd_sc_hd__a21oi_2)
                                         _02491_ (net)
                  0.14    0.00    2.73 v _07956_/B (sky130_fd_sc_hd__nor3_4)
     4    0.08    0.77    0.67    3.40 ^ _07956_/Y (sky130_fd_sc_hd__nor3_4)
                                         _02586_ (net)
                  0.77    0.00    3.40 ^ _08969_/A (sky130_fd_sc_hd__nand2_8)
    49    0.28    0.44    0.49    3.89 v _08969_/Y (sky130_fd_sc_hd__nand2_8)
                                         _03467_ (net)
                  0.45    0.04    3.93 v _08993_/B (sky130_fd_sc_hd__nor2_2)
     5    0.02    0.30    0.39    4.32 ^ _08993_/Y (sky130_fd_sc_hd__nor2_2)
                                         _03483_ (net)
                  0.30    0.00    4.32 ^ _08994_/B1 (sky130_fd_sc_hd__o21ai_0)
     1    0.00    0.11    0.14    4.46 v _08994_/Y (sky130_fd_sc_hd__o21ai_0)
                                         _03484_ (net)
                  0.11    0.00    4.46 v _08997_/A1 (sky130_fd_sc_hd__a21oi_1)
     1    0.00    0.10    0.14    4.59 ^ _08997_/Y (sky130_fd_sc_hd__a21oi_1)
                                         _00681_ (net)
                  0.10    0.00    4.59 ^ core.CPU_Xreg_value_a4[14][18]$_SDFFE_PP0P_/D (sky130_fd_sc_hd__dfxtp_1)
                                  4.59   data arrival time

                  0.48    9.60    9.60   clock clk (rise edge)
                          0.00    9.60   clock network delay (ideal)
                         -0.48    9.12   clock uncertainty
                          0.00    9.12   clock reconvergence pessimism
                                  9.12 ^ core.CPU_Xreg_value_a4[14][18]$_SDFFE_PP0P_/CLK (sky130_fd_sc_hd__dfxtp_1)
                          0.00    9.12   library setup time
                                  9.12   data required time
-----------------------------------------------------------------------------
                                  9.12   data required time
                                 -4.59   data arrival time
-----------------------------------------------------------------------------
                                  4.52   slack (MET)



==========================================================================
detailed place report_checks -unconstrained
--------------------------------------------------------------------------
Startpoint: core.CPU_valid_load_a5$_DFF_P_
            (rising edge-triggered flip-flop clocked by clk)
Endpoint: core.CPU_Xreg_value_a4[14][18]$_SDFFE_PP0P_
          (rising edge-triggered flip-flop clocked by clk)
Path Group: clk
Path Type: max

Fanout     Cap    Slew   Delay    Time   Description
-----------------------------------------------------------------------------
                  0.48    0.00    0.00   clock clk (rise edge)
                          0.00    0.00   clock network delay (ideal)
                  0.48    0.00    0.00 ^ core.CPU_valid_load_a5$_DFF_P_/CLK (sky130_fd_sc_hd__dfxtp_1)
     2    0.02    0.16    0.50    0.50 ^ core.CPU_valid_load_a5$_DFF_P_/Q (sky130_fd_sc_hd__dfxtp_1)
                                         core.CPU_valid_load_a5 (net)
                  0.16    0.00    0.50 ^ _05805_/D (sky130_fd_sc_hd__or4_4)
    48    0.47    1.33    1.03    1.53 ^ _05805_/X (sky130_fd_sc_hd__or4_4)
                                         _01035_ (net)
                  1.33    0.07    1.60 ^ _05806_/A (sky130_fd_sc_hd__clkinv_16)
    48    0.45    0.54    0.55    2.15 v _05806_/Y (sky130_fd_sc_hd__clkinv_16)
                                         _01036_ (net)
                  0.55    0.05    2.20 v _07859_/C (sky130_fd_sc_hd__nor3_1)
     1    0.01    0.32    0.41    2.60 ^ _07859_/Y (sky130_fd_sc_hd__nor3_1)
                                         _02490_ (net)
                  0.32    0.00    2.60 ^ _07860_/B1 (sky130_fd_sc_hd__a21oi_2)
     3    0.02    0.14    0.12    2.73 v _07860_/Y (sky130_fd_sc_hd__a21oi_2)
                                         _02491_ (net)
                  0.14    0.00    2.73 v _07956_/B (sky130_fd_sc_hd__nor3_4)
     4    0.08    0.77    0.67    3.40 ^ _07956_/Y (sky130_fd_sc_hd__nor3_4)
                                         _02586_ (net)
                  0.77    0.00    3.40 ^ _08969_/A (sky130_fd_sc_hd__nand2_8)
    49    0.28    0.44    0.49    3.89 v _08969_/Y (sky130_fd_sc_hd__nand2_8)
                                         _03467_ (net)
                  0.45    0.04    3.93 v _08993_/B (sky130_fd_sc_hd__nor2_2)
     5    0.02    0.30    0.39    4.32 ^ _08993_/Y (sky130_fd_sc_hd__nor2_2)
                                         _03483_ (net)
                  0.30    0.00    4.32 ^ _08994_/B1 (sky130_fd_sc_hd__o21ai_0)
     1    0.00    0.11    0.14    4.46 v _08994_/Y (sky130_fd_sc_hd__o21ai_0)
                                         _03484_ (net)
                  0.11    0.00    4.46 v _08997_/A1 (sky130_fd_sc_hd__a21oi_1)
     1    0.00    0.10    0.14    4.59 ^ _08997_/Y (sky130_fd_sc_hd__a21oi_1)
                                         _00681_ (net)
                  0.10    0.00    4.59 ^ core.CPU_Xreg_value_a4[14][18]$_SDFFE_PP0P_/D (sky130_fd_sc_hd__dfxtp_1)
                                  4.59   data arrival time

                  0.48    9.60    9.60   clock clk (rise edge)
                          0.00    9.60   clock network delay (ideal)
                         -0.48    9.12   clock uncertainty
                          0.00    9.12   clock reconvergence pessimism
                                  9.12 ^ core.CPU_Xreg_value_a4[14][18]$_SDFFE_PP0P_/CLK (sky130_fd_sc_hd__dfxtp_1)
                          0.00    9.12   library setup time
                                  9.12   data required time
-----------------------------------------------------------------------------
                                  9.12   data required time
                                 -4.59   data arrival time
-----------------------------------------------------------------------------
                                  4.52   slack (MET)



==========================================================================
detailed place report_check_types -max_slew -max_cap -max_fanout -violators
--------------------------------------------------------------------------

==========================================================================
detailed place max_slew_check_slack
--------------------------------------------------------------------------
0.16672663390636444

==========================================================================
detailed place max_slew_check_limit
--------------------------------------------------------------------------
1.5

==========================================================================
detailed place max_slew_check_slack_limit
--------------------------------------------------------------------------
0.1112

==========================================================================
detailed place max_fanout_check_slack
--------------------------------------------------------------------------
1.0000000150474662e+30

==========================================================================
detailed place max_fanout_check_limit
--------------------------------------------------------------------------
1.0000000150474662e+30

==========================================================================
detailed place max_capacitance_check_slack
--------------------------------------------------------------------------
0.01812887005507946

==========================================================================
detailed place max_capacitance_check_limit
--------------------------------------------------------------------------
0.021067000925540924

==========================================================================
detailed place max_capacitance_check_slack_limit
--------------------------------------------------------------------------
0.8605

==========================================================================
detailed place max_slew_violation_count
--------------------------------------------------------------------------
max slew violation count 0

==========================================================================
detailed place max_fanout_violation_count
--------------------------------------------------------------------------
max fanout violation count 0

==========================================================================
detailed place max_cap_violation_count
--------------------------------------------------------------------------
max cap violation count 0

==========================================================================
detailed place setup_violation_count
--------------------------------------------------------------------------
setup violation count 0

==========================================================================
detailed place hold_violation_count
--------------------------------------------------------------------------
hold violation count 1213

==========================================================================
detailed place report_checks -path_delay max reg to reg
--------------------------------------------------------------------------
Startpoint: core.CPU_valid_load_a5$_DFF_P_
            (rising edge-triggered flip-flop clocked by clk)
Endpoint: core.CPU_Xreg_value_a4[14][18]$_SDFFE_PP0P_
          (rising edge-triggered flip-flop clocked by clk)
Path Group: clk
Path Type: max

  Delay    Time   Description
---------------------------------------------------------
   0.00    0.00   clock clk (rise edge)
   0.00    0.00   clock network delay (ideal)
   0.00    0.00 ^ core.CPU_valid_load_a5$_DFF_P_/CLK (sky130_fd_sc_hd__dfxtp_1)
   0.50    0.50 ^ core.CPU_valid_load_a5$_DFF_P_/Q (sky130_fd_sc_hd__dfxtp_1)
   1.03    1.53 ^ _05805_/X (sky130_fd_sc_hd__or4_4)
   0.62    2.15 v _05806_/Y (sky130_fd_sc_hd__clkinv_16)
   0.46    2.60 ^ _07859_/Y (sky130_fd_sc_hd__nor3_1)
   0.12    2.73 v _07860_/Y (sky130_fd_sc_hd__a21oi_2)
   0.67    3.40 ^ _07956_/Y (sky130_fd_sc_hd__nor3_4)
   0.49    3.89 v _08969_/Y (sky130_fd_sc_hd__nand2_8)
   0.43    4.32 ^ _08993_/Y (sky130_fd_sc_hd__nor2_2)
   0.14    4.46 v _08994_/Y (sky130_fd_sc_hd__o21ai_0)
   0.14    4.59 ^ _08997_/Y (sky130_fd_sc_hd__a21oi_1)
   0.00    4.59 ^ core.CPU_Xreg_value_a4[14][18]$_SDFFE_PP0P_/D (sky130_fd_sc_hd__dfxtp_1)
           4.59   data arrival time

   9.60    9.60   clock clk (rise edge)
   0.00    9.60   clock network delay (ideal)
  -0.48    9.12   clock uncertainty
   0.00    9.12   clock reconvergence pessimism
           9.12 ^ core.CPU_Xreg_value_a4[14][18]$_SDFFE_PP0P_/CLK (sky130_fd_sc_hd__dfxtp_1)
   0.00    9.12   library setup time
           9.12   data required time
---------------------------------------------------------
           9.12   data required time
          -4.59   data arrival time
---------------------------------------------------------
           4.52   slack (MET)



==========================================================================
detailed place report_checks -path_delay min reg to reg
--------------------------------------------------------------------------
Startpoint: core.CPU_rd_a2[1]$_DFF_P_
            (rising edge-triggered flip-flop clocked by clk)
Endpoint: core.CPU_rd_a3[1]$_DFF_P_
          (rising edge-triggered flip-flop clocked by clk)
Path Group: clk
Path Type: min

  Delay    Time   Description
---------------------------------------------------------
   0.00    0.00   clock clk (rise edge)
   0.00    0.00   clock network delay (ideal)
   0.00    0.00 ^ core.CPU_rd_a2[1]$_DFF_P_/CLK (sky130_fd_sc_hd__dfxtp_1)
   0.40    0.40 v core.CPU_rd_a2[1]$_DFF_P_/Q (sky130_fd_sc_hd__dfxtp_1)
   0.00    0.40 v core.CPU_rd_a3[1]$_DFF_P_/D (sky130_fd_sc_hd__dfxtp_2)
           0.40   data arrival time

   0.00    0.00   clock clk (rise edge)
   0.00    0.00   clock network delay (ideal)
   0.77    0.77   clock uncertainty
   0.00    0.77   clock reconvergence pessimism
           0.77 ^ core.CPU_rd_a3[1]$_DFF_P_/CLK (sky130_fd_sc_hd__dfxtp_2)
   0.06    0.83   library hold time
           0.83   data required time
---------------------------------------------------------
           0.83   data required time
          -0.40   data arrival time
---------------------------------------------------------
          -0.43   slack (VIOLATED)



==========================================================================
detailed place critical path target clock latency max path
--------------------------------------------------------------------------
0

==========================================================================
detailed place critical path target clock latency min path
--------------------------------------------------------------------------
0

==========================================================================
detailed place critical path source clock latency min path
--------------------------------------------------------------------------
0

==========================================================================
detailed place critical path delay
--------------------------------------------------------------------------
4.5935

==========================================================================
detailed place critical path slack
--------------------------------------------------------------------------
4.5223

==========================================================================
detailed place slack div critical path delay
--------------------------------------------------------------------------
98.449984

==========================================================================
detailed place report_power
--------------------------------------------------------------------------
Group                  Internal  Switching    Leakage      Total
                          Power      Power      Power      Power (Watts)
----------------------------------------------------------------
Sequential             5.89e-03   8.66e-04   1.04e-08   6.75e-03  56.9%
Combinational          1.61e-03   3.50e-03   1.07e-08   5.11e-03  43.1%
Clock                  0.00e+00   0.00e+00   0.00e+00   0.00e+00   0.0%
Macro                  0.00e+00   0.00e+00   0.00e+00   0.00e+00   0.0%
Pad                    0.00e+00   0.00e+00   0.00e+00   0.00e+00   0.0%
----------------------------------------------------------------
Total                  7.49e-03   4.37e-03   2.11e-08   1.19e-02 100.0%
                          63.2%      36.8%       0.0%
