
==========================================================================
resizer report_tns
--------------------------------------------------------------------------
tns 0.00

==========================================================================
resizer report_wns
--------------------------------------------------------------------------
wns 0.00

==========================================================================
resizer report_worst_slack
--------------------------------------------------------------------------
worst slack 4.66

==========================================================================
resizer report_checks -path_delay min
--------------------------------------------------------------------------
Startpoint: core.CPU_rd_a2[1]$_DFF_P_
            (rising edge-triggered flip-flop clocked by clk)
Endpoint: core.CPU_rd_a3[1]$_DFF_P_
          (rising edge-triggered flip-flop clocked by clk)
Path Group: clk
Path Type: min

Fanout     Cap    Slew   Delay    Time   Description
-----------------------------------------------------------------------------
                  0.48    0.00    0.00   clock clk (rise edge)
                          0.00    0.00   clock network delay (ideal)
                  0.48    0.00    0.00 ^ core.CPU_rd_a2[1]$_DFF_P_/CLK (sky130_fd_sc_hd__dfxtp_1)
     1    0.00    0.02    0.40    0.40 v core.CPU_rd_a2[1]$_DFF_P_/Q (sky130_fd_sc_hd__dfxtp_1)
                                         core.CPU_rd_a2[1] (net)
                  0.02    0.00    0.40 v core.CPU_rd_a3[1]$_DFF_P_/D (sky130_fd_sc_hd__dfxtp_2)
                                  0.40   data arrival time

                  0.48    0.00    0.00   clock clk (rise edge)
                          0.00    0.00   clock network delay (ideal)
                          0.77    0.77   clock uncertainty
                          0.00    0.77   clock reconvergence pessimism
                                  0.77 ^ core.CPU_rd_a3[1]$_DFF_P_/CLK (sky130_fd_sc_hd__dfxtp_2)
                          0.06    0.83   library hold time
                                  0.83   data required time
-----------------------------------------------------------------------------
                                  0.83   data required time
                                 -0.40   data arrival time
-----------------------------------------------------------------------------
                                 -0.43   slack (VIOLATED)



==========================================================================
resizer report_checks -path_delay max
--------------------------------------------------------------------------
Startpoint: core.CPU_valid_load_a5$_DFF_P_
            (rising edge-triggered flip-flop clocked by clk)
Endpoint: core.CPU_Xreg_value_a4[6][18]$_SDFFE_PP0P_
          (rising edge-triggered flip-flop clocked by clk)
Path Group: clk
Path Type: max

Fanout     Cap    Slew   Delay    Time   Description
-----------------------------------------------------------------------------
                  0.48    0.00    0.00   clock clk (rise edge)
                          0.00    0.00   clock network delay (ideal)
                  0.48    0.00    0.00 ^ core.CPU_valid_load_a5$_DFF_P_/CLK (sky130_fd_sc_hd__dfxtp_1)
     2    0.02    0.17    0.51    0.51 ^ core.CPU_valid_load_a5$_DFF_P_/Q (sky130_fd_sc_hd__dfxtp_1)
                                         core.CPU_valid_load_a5 (net)
                  0.17    0.00    0.51 ^ _05805_/D (sky130_fd_sc_hd__or4_4)
    48    0.47    1.32    1.03    1.54 ^ _05805_/X (sky130_fd_sc_hd__or4_4)
                                         _01035_ (net)
                  1.32    0.04    1.58 ^ _05806_/A (sky130_fd_sc_hd__clkinv_16)
    48    0.45    0.53    0.56    2.14 v _05806_/Y (sky130_fd_sc_hd__clkinv_16)
                                         _01036_ (net)
                  0.53    0.04    2.18 v _07859_/C (sky130_fd_sc_hd__nor3_1)
     1    0.01    0.28    0.36    2.53 ^ _07859_/Y (sky130_fd_sc_hd__nor3_1)
                                         _02490_ (net)
                  0.28    0.00    2.53 ^ _07860_/B1 (sky130_fd_sc_hd__a21oi_2)
     3    0.02    0.13    0.11    2.64 v _07860_/Y (sky130_fd_sc_hd__a21oi_2)
                                         _02491_ (net)
                  0.13    0.00    2.64 v _07956_/B (sky130_fd_sc_hd__nor3_4)
     4    0.07    0.74    0.65    3.29 ^ _07956_/Y (sky130_fd_sc_hd__nor3_4)
                                         _02586_ (net)
                  0.74    0.00    3.29 ^ _09628_/A (sky130_fd_sc_hd__nand2_8)
    49    0.28    0.43    0.49    3.78 v _09628_/Y (sky130_fd_sc_hd__nand2_8)
                                         _03902_ (net)
                  0.43    0.00    3.78 v _09653_/B (sky130_fd_sc_hd__nor2_2)
     5    0.03    0.32    0.40    4.18 ^ _09653_/Y (sky130_fd_sc_hd__nor2_2)
                                         _03919_ (net)
                  0.32    0.00    4.18 ^ _09654_/B1 (sky130_fd_sc_hd__o21ai_0)
     1    0.00    0.11    0.15    4.32 v _09654_/Y (sky130_fd_sc_hd__o21ai_0)
                                         _03920_ (net)
                  0.11    0.00    4.32 v _09657_/A1 (sky130_fd_sc_hd__a21oi_1)
     1    0.00    0.10    0.13    4.45 ^ _09657_/Y (sky130_fd_sc_hd__a21oi_1)
                                         _00905_ (net)
                  0.10    0.00    4.45 ^ core.CPU_Xreg_value_a4[6][18]$_SDFFE_PP0P_/D (sky130_fd_sc_hd__dfxtp_1)
                                  4.45   data arrival time

                  0.48    9.60    9.60   clock clk (rise edge)
                          0.00    9.60   clock network delay (ideal)
                         -0.48    9.12   clock uncertainty
                          0.00    9.12   clock reconvergence pessimism
                                  9.12 ^ core.CPU_Xreg_value_a4[6][18]$_SDFFE_PP0P_/CLK (sky130_fd_sc_hd__dfxtp_1)
                          0.00    9.12   library setup time
                                  9.12   data required time
-----------------------------------------------------------------------------
                                  9.12   data required time
                                 -4.45   data arrival time
-----------------------------------------------------------------------------
                                  4.66   slack (MET)



==========================================================================
resizer report_checks -unconstrained
--------------------------------------------------------------------------
Startpoint: core.CPU_valid_load_a5$_DFF_P_
            (rising edge-triggered flip-flop clocked by clk)
Endpoint: core.CPU_Xreg_value_a4[6][18]$_SDFFE_PP0P_
          (rising edge-triggered flip-flop clocked by clk)
Path Group: clk
Path Type: max

Fanout     Cap    Slew   Delay    Time   Description
-----------------------------------------------------------------------------
                  0.48    0.00    0.00   clock clk (rise edge)
                          0.00    0.00   clock network delay (ideal)
                  0.48    0.00    0.00 ^ core.CPU_valid_load_a5$_DFF_P_/CLK (sky130_fd_sc_hd__dfxtp_1)
     2    0.02    0.17    0.51    0.51 ^ core.CPU_valid_load_a5$_DFF_P_/Q (sky130_fd_sc_hd__dfxtp_1)
                                         core.CPU_valid_load_a5 (net)
                  0.17    0.00    0.51 ^ _05805_/D (sky130_fd_sc_hd__or4_4)
    48    0.47    1.32    1.03    1.54 ^ _05805_/X (sky130_fd_sc_hd__or4_4)
                                         _01035_ (net)
                  1.32    0.04    1.58 ^ _05806_/A (sky130_fd_sc_hd__clkinv_16)
    48    0.45    0.53    0.56    2.14 v _05806_/Y (sky130_fd_sc_hd__clkinv_16)
                                         _01036_ (net)
                  0.53    0.04    2.18 v _07859_/C (sky130_fd_sc_hd__nor3_1)
     1    0.01    0.28    0.36    2.53 ^ _07859_/Y (sky130_fd_sc_hd__nor3_1)
                                         _02490_ (net)
                  0.28    0.00    2.53 ^ _07860_/B1 (sky130_fd_sc_hd__a21oi_2)
     3    0.02    0.13    0.11    2.64 v _07860_/Y (sky130_fd_sc_hd__a21oi_2)
                                         _02491_ (net)
                  0.13    0.00    2.64 v _07956_/B (sky130_fd_sc_hd__nor3_4)
     4    0.07    0.74    0.65    3.29 ^ _07956_/Y (sky130_fd_sc_hd__nor3_4)
                                         _02586_ (net)
                  0.74    0.00    3.29 ^ _09628_/A (sky130_fd_sc_hd__nand2_8)
    49    0.28    0.43    0.49    3.78 v _09628_/Y (sky130_fd_sc_hd__nand2_8)
                                         _03902_ (net)
                  0.43    0.00    3.78 v _09653_/B (sky130_fd_sc_hd__nor2_2)
     5    0.03    0.32    0.40    4.18 ^ _09653_/Y (sky130_fd_sc_hd__nor2_2)
                                         _03919_ (net)
                  0.32    0.00    4.18 ^ _09654_/B1 (sky130_fd_sc_hd__o21ai_0)
     1    0.00    0.11    0.15    4.32 v _09654_/Y (sky130_fd_sc_hd__o21ai_0)
                                         _03920_ (net)
                  0.11    0.00    4.32 v _09657_/A1 (sky130_fd_sc_hd__a21oi_1)
     1    0.00    0.10    0.13    4.45 ^ _09657_/Y (sky130_fd_sc_hd__a21oi_1)
                                         _00905_ (net)
                  0.10    0.00    4.45 ^ core.CPU_Xreg_value_a4[6][18]$_SDFFE_PP0P_/D (sky130_fd_sc_hd__dfxtp_1)
                                  4.45   data arrival time

                  0.48    9.60    9.60   clock clk (rise edge)
                          0.00    9.60   clock network delay (ideal)
                         -0.48    9.12   clock uncertainty
                          0.00    9.12   clock reconvergence pessimism
                                  9.12 ^ core.CPU_Xreg_value_a4[6][18]$_SDFFE_PP0P_/CLK (sky130_fd_sc_hd__dfxtp_1)
                          0.00    9.12   library setup time
                                  9.12   data required time
-----------------------------------------------------------------------------
                                  9.12   data required time
                                 -4.45   data arrival time
-----------------------------------------------------------------------------
                                  4.66   slack (MET)



==========================================================================
resizer report_check_types -max_slew -max_cap -max_fanout -violators
--------------------------------------------------------------------------

==========================================================================
resizer max_slew_check_slack
--------------------------------------------------------------------------
0.1768820732831955

==========================================================================
resizer max_slew_check_limit
--------------------------------------------------------------------------
1.5

==========================================================================
resizer max_slew_check_slack_limit
--------------------------------------------------------------------------
0.1179

==========================================================================
resizer max_fanout_check_slack
--------------------------------------------------------------------------
1.0000000150474662e+30

==========================================================================
resizer max_fanout_check_limit
--------------------------------------------------------------------------
1.0000000150474662e+30

==========================================================================
resizer max_capacitance_check_slack
--------------------------------------------------------------------------
0.018496891483664513

==========================================================================
resizer max_capacitance_check_limit
--------------------------------------------------------------------------
0.021067000925540924

==========================================================================
resizer max_capacitance_check_slack_limit
--------------------------------------------------------------------------
0.8780

==========================================================================
resizer max_slew_violation_count
--------------------------------------------------------------------------
max slew violation count 0

==========================================================================
resizer max_fanout_violation_count
--------------------------------------------------------------------------
max fanout violation count 0

==========================================================================
resizer max_cap_violation_count
--------------------------------------------------------------------------
max cap violation count 0

==========================================================================
resizer setup_violation_count
--------------------------------------------------------------------------
setup violation count 0

==========================================================================
resizer hold_violation_count
--------------------------------------------------------------------------
hold violation count 1215

==========================================================================
resizer report_checks -path_delay max reg to reg
--------------------------------------------------------------------------
Startpoint: core.CPU_valid_load_a5$_DFF_P_
            (rising edge-triggered flip-flop clocked by clk)
Endpoint: core.CPU_Xreg_value_a4[6][18]$_SDFFE_PP0P_
          (rising edge-triggered flip-flop clocked by clk)
Path Group: clk
Path Type: max

  Delay    Time   Description
---------------------------------------------------------
   0.00    0.00   clock clk (rise edge)
   0.00    0.00   clock network delay (ideal)
   0.00    0.00 ^ core.CPU_valid_load_a5$_DFF_P_/CLK (sky130_fd_sc_hd__dfxtp_1)
   0.51    0.51 ^ core.CPU_valid_load_a5$_DFF_P_/Q (sky130_fd_sc_hd__dfxtp_1)
   1.03    1.54 ^ _05805_/X (sky130_fd_sc_hd__or4_4)
   0.60    2.14 v _05806_/Y (sky130_fd_sc_hd__clkinv_16)
   0.40    2.53 ^ _07859_/Y (sky130_fd_sc_hd__nor3_1)
   0.11    2.64 v _07860_/Y (sky130_fd_sc_hd__a21oi_2)
   0.65    3.29 ^ _07956_/Y (sky130_fd_sc_hd__nor3_4)
   0.49    3.78 v _09628_/Y (sky130_fd_sc_hd__nand2_8)
   0.40    4.18 ^ _09653_/Y (sky130_fd_sc_hd__nor2_2)
   0.15    4.32 v _09654_/Y (sky130_fd_sc_hd__o21ai_0)
   0.13    4.45 ^ _09657_/Y (sky130_fd_sc_hd__a21oi_1)
   0.00    4.45 ^ core.CPU_Xreg_value_a4[6][18]$_SDFFE_PP0P_/D (sky130_fd_sc_hd__dfxtp_1)
           4.45   data arrival time

   9.60    9.60   clock clk (rise edge)
   0.00    9.60   clock network delay (ideal)
  -0.48    9.12   clock uncertainty
   0.00    9.12   clock reconvergence pessimism
           9.12 ^ core.CPU_Xreg_value_a4[6][18]$_SDFFE_PP0P_/CLK (sky130_fd_sc_hd__dfxtp_1)
   0.00    9.12   library setup time
           9.12   data required time
---------------------------------------------------------
           9.12   data required time
          -4.45   data arrival time
---------------------------------------------------------
           4.66   slack (MET)



==========================================================================
resizer report_checks -path_delay min reg to reg
--------------------------------------------------------------------------
Startpoint: core.CPU_rd_a2[1]$_DFF_P_
            (rising edge-triggered flip-flop clocked by clk)
Endpoint: core.CPU_rd_a3[1]$_DFF_P_
          (rising edge-triggered flip-flop clocked by clk)
Path Group: clk
Path Type: min

  Delay    Time   Description
---------------------------------------------------------
   0.00    0.00   clock clk (rise edge)
   0.00    0.00   clock network delay (ideal)
   0.00    0.00 ^ core.CPU_rd_a2[1]$_DFF_P_/CLK (sky130_fd_sc_hd__dfxtp_1)
   0.40    0.40 v core.CPU_rd_a2[1]$_DFF_P_/Q (sky130_fd_sc_hd__dfxtp_1)
   0.00    0.40 v core.CPU_rd_a3[1]$_DFF_P_/D (sky130_fd_sc_hd__dfxtp_2)
           0.40   data arrival time

   0.00    0.00   clock clk (rise edge)
   0.00    0.00   clock network delay (ideal)
   0.77    0.77   clock uncertainty
   0.00    0.77   clock reconvergence pessimism
           0.77 ^ core.CPU_rd_a3[1]$_DFF_P_/CLK (sky130_fd_sc_hd__dfxtp_2)
   0.06    0.83   library hold time
           0.83   data required time
---------------------------------------------------------
           0.83   data required time
          -0.40   data arrival time
---------------------------------------------------------
          -0.43   slack (VIOLATED)



==========================================================================
resizer critical path target clock latency max path
--------------------------------------------------------------------------
0

==========================================================================
resizer critical path target clock latency min path
--------------------------------------------------------------------------
0

==========================================================================
resizer critical path source clock latency min path
--------------------------------------------------------------------------
0

==========================================================================
resizer critical path delay
--------------------------------------------------------------------------
4.4545

==========================================================================
resizer critical path slack
--------------------------------------------------------------------------
4.6628

==========================================================================
resizer slack div critical path delay
--------------------------------------------------------------------------
104.676170

==========================================================================
resizer report_power
--------------------------------------------------------------------------
Group                  Internal  Switching    Leakage      Total
                          Power      Power      Power      Power (Watts)
----------------------------------------------------------------
Sequential             5.89e-03   8.73e-04   1.04e-08   6.76e-03  57.0%
Combinational          1.61e-03   3.49e-03   1.07e-08   5.10e-03  43.0%
Clock                  0.00e+00   0.00e+00   0.00e+00   0.00e+00   0.0%
Macro                  0.00e+00   0.00e+00   0.00e+00   0.00e+00   0.0%
Pad                    0.00e+00   0.00e+00   0.00e+00   0.00e+00   0.0%
----------------------------------------------------------------
Total                  7.50e-03   4.36e-03   2.11e-08   1.19e-02 100.0%
                          63.2%      36.8%       0.0%
