Net: RV_TO_DAC\[7\]
  Pin:   dac/D[7] (avsddac)
    Layer: mcon
      Partial area ratio:    0.03
      Required ratio:    3.00 (Gate area) 
      Cumulative area ratio:    0.03
      Required ratio:    0.00 (Cumulative area) 

    Layer: met1
      Partial area ratio:  101.79
      Required ratio:    0.00 (Gate area) 
      Cumulative area ratio:  101.79
      Required ratio:    0.00 (Cumulative area) 
      Partial area ratio:  508.68
      Required ratio:  400.00 (Side area) (VIOLATED)
      Cumulative area ratio:  508.68
      Required ratio:    0.00 (Cumulative side area) 

    Layer: via
      Partial area ratio:    0.06
      Required ratio:    6.00 (Gate area) 
      Cumulative area ratio:    0.09
      Required ratio:    0.00 (Cumulative area) 

    Layer: met2
      Partial area ratio:   90.59
      Required ratio:    0.00 (Gate area) 
      Cumulative area ratio:  192.38
      Required ratio:    0.00 (Cumulative area) 
      Partial area ratio:  452.49
      Required ratio: 3825.80 (Side area) 
      Cumulative area ratio:  961.17
      Required ratio:    0.00 (Cumulative side area) 


